./logs/02-Jan-22 12:23:38::__main__::INFO::{'positions': ['Data engineer', None, None], 'locations': ['CANADA', 'India', 'UNITED STATES', 'Netherlands', 'Singapore', 'Germany', 'spain'], 'Remote': ['Remote', {'Resume': '/media/linux/New Volume/Resume/Rahul_DE_1221.doc', 'Cover Letter': '/media/linux/New Volume/Resume/Rahul_DE_1221.doc'}]}
./logs/02-Jan-22 12:23:38::__main__::INFO::Welcome to Easy Apply Bot
./logs/02-Jan-22 12:23:38::__main__::INFO::current directory is : /media/linux/New Volume/linkedinjobs/Linkedin-Jobs
./logs/02-Jan-22 12:23:38::__main__::INFO::0 jobIDs found
./logs/02-Jan-22 12:23:38::__main__::INFO::Logging in.....Please wait :)  
./logs/02-Jan-22 12:23:55::__main__::INFO::Applying to Data engineer: India
./logs/02-Jan-22 12:23:55::__main__::INFO::Looking for jobs.. Please wait..
./logs/02-Jan-22 12:24:00::__main__::INFO::Lock avoided.
./logs/02-Jan-22 12:24:21::__main__::INFO::Looking for jobs.. Please wait..
./logs/02-Jan-22 12:24:21::__main__::INFO::599.0 minutes left in this search
./logs/02-Jan-22 12:24:21::__main__::DEBUG::Sleeping for 4.3
./logs/02-Jan-22 12:25:03::__main__::INFO::Clicking the EASY apply button
./logs/02-Jan-22 12:25:10::__main__::INFO::Application Submitted
./logs/02-Jan-22 12:25:12::__main__::INFO::
Position 1:
 (8) Data Engineer | Dynapt.ai | LinkedIn 
 * has Easy Apply Button 

./logs/02-Jan-22 12:25:26::__main__::INFO::Clicking the EASY apply button
./logs/02-Jan-22 12:25:38::__main__::INFO::Could not complete submission
./logs/02-Jan-22 12:25:41::__main__::INFO::
Position 2:
 (8) Senior Data Engineer | Foray Software Private Limited | LinkedIn 
 * has Easy Apply Button 

./logs/02-Jan-22 12:25:55::__main__::INFO::The button does not exist.
./logs/02-Jan-22 12:25:55::__main__::INFO::
Position 3:
 (8) Senior Data Engineer | Diya Systems | LinkedIn 
 * Doesn't have Easy Apply Button 

./logs/02-Jan-22 12:26:09::__main__::INFO::The button does not exist.
./logs/02-Jan-22 12:26:09::__main__::INFO::
Position 4:
 (8) Senior Data Engineer | Alignity Consulting | LinkedIn 
 * Doesn't have Easy Apply Button 

./logs/02-Jan-22 12:26:25::__main__::INFO::The button does not exist.
./logs/02-Jan-22 12:26:25::__main__::INFO::
Position 5:
 (8) Senior Data Engineer | Kagool | LinkedIn 
 * Doesn't have Easy Apply Button 

./logs/02-Jan-22 12:26:40::__main__::INFO::Clicking the EASY apply button
./logs/02-Jan-22 12:26:53::__main__::INFO::Application Submitted
./logs/02-Jan-22 12:26:55::__main__::INFO::
Position 6:
 (8) Data Engineer (Lead) | Newforce Global Services Ltd | LinkedIn 
 * has Easy Apply Button 

./logs/02-Jan-22 12:27:09::__main__::INFO::The button does not exist.
./logs/02-Jan-22 12:27:09::__main__::INFO::
Position 7:
 (8) Data Engineer (Lead/Senior) | Velotio Technologies | LinkedIn 
 * Doesn't have Easy Apply Button 

./logs/02-Jan-22 12:27:22::__main__::INFO::The button does not exist.
./logs/02-Jan-22 12:27:22::__main__::INFO::
Position 8:
 (8) Data Engineer(Lead) | Newforce Global Services Ltd | LinkedIn 
 * Doesn't have Easy Apply Button 

./logs/02-Jan-22 12:27:35::__main__::INFO::Clicking the EASY apply button
./logs/02-Jan-22 12:27:43::__main__::INFO::Application Submitted
./logs/02-Jan-22 12:27:45::__main__::INFO::
Position 9:
 (8) Software Engineer | Virtual Sky IT Services LLP | LinkedIn 
 * has Easy Apply Button 

./logs/02-Jan-22 12:28:02::__main__::INFO::The button does not exist.
./logs/02-Jan-22 12:28:02::__main__::INFO::
Position 10:
 (8) Senior Data Engineer | Quadratyx | LinkedIn 
 * Doesn't have Easy Apply Button 

./logs/02-Jan-22 12:28:15::__main__::INFO::Clicking the EASY apply button
./logs/02-Jan-22 12:28:27::__main__::INFO::Could not complete submission
./logs/02-Jan-22 12:28:29::__main__::INFO::
Position 11:
 (8) Azure Data Engineer (multiple locations) | Xoriant | LinkedIn 
 * has Easy Apply Button 

./logs/02-Jan-22 12:28:47::__main__::INFO::The button does not exist.
./logs/02-Jan-22 12:28:47::__main__::INFO::
Position 12:
 (8) Senior Data Engineer | 3-5 Years | Bengaluru or Gurugram | Xtage | LinkedIn 
 * Doesn't have Easy Apply Button 

./logs/02-Jan-22 12:29:00::__main__::INFO::The button does not exist.
./logs/02-Jan-22 12:29:00::__main__::INFO::
Position 13:
 (8) Sr. Data Engineer | Cloudaeon | LinkedIn 
 * Doesn't have Easy Apply Button 

./logs/02-Jan-22 12:29:15::__main__::INFO::The button does not exist.
./logs/02-Jan-22 12:29:15::__main__::INFO::
Position 14:
 (8) Data Engineer | Maximus Global Consulting Services LLP | LinkedIn 
 * Doesn't have Easy Apply Button 

./logs/02-Jan-22 12:29:29::__main__::INFO::The button does not exist.
./logs/02-Jan-22 12:29:29::__main__::INFO::
Position 15:
 (8) Senior Data Engineer | MyGlamm | Good Glamm Group | LinkedIn 
 * Doesn't have Easy Apply Button 

./logs/02-Jan-22 12:29:44::__main__::INFO::Clicking the EASY apply button
./logs/02-Jan-22 12:29:55::__main__::INFO::Application Submitted
./logs/02-Jan-22 12:29:57::__main__::INFO::
Position 16:
 (8) Staff Data Engineer | Conga | LinkedIn 
 * has Easy Apply Button 

./logs/02-Jan-22 12:30:11::__main__::INFO::The button does not exist.
./logs/02-Jan-22 12:30:11::__main__::INFO::
Position 17:
 (8) Data Engineer | My Community Finance | LinkedIn 
 * Doesn't have Easy Apply Button 

./logs/02-Jan-22 12:30:25::__main__::INFO::The button does not exist.
./logs/02-Jan-22 12:30:25::__main__::INFO::
Position 18:
 (8) Senior/ Lead Data Engineer | Cimpress India | LinkedIn 
 * Doesn't have Easy Apply Button 

./logs/02-Jan-22 12:30:41::__main__::INFO::The button does not exist.
./logs/02-Jan-22 12:30:41::__main__::INFO::
Position 19:
 (8) Senior Data Engineer | Course5i | LinkedIn 
 * Doesn't have Easy Apply Button 

./logs/02-Jan-22 12:30:58::__main__::INFO::The button does not exist.
./logs/02-Jan-22 12:30:58::__main__::INFO::
Position 20:
 (8) CIS - Big Data Engineer - Hyderabad | Experian | LinkedIn 
 * Doesn't have Easy Apply Button 

./logs/02-Jan-22 12:31:11::__main__::INFO::The button does not exist.
./logs/02-Jan-22 12:31:11::__main__::INFO::
Position 21:
 (8) Lead Data Engineer | Rapido | LinkedIn 
 * Doesn't have Easy Apply Button 

./logs/02-Jan-22 12:31:24::__main__::INFO::Clicking the EASY apply button
./logs/02-Jan-22 12:31:37::__main__::INFO::Could not complete submission
./logs/02-Jan-22 12:31:38::__main__::INFO::
Position 22:
 (8) Data engineer manager | Vision Data Analytics | LinkedIn 
 * has Easy Apply Button 

./logs/02-Jan-22 12:31:52::__main__::INFO::The button does not exist.
./logs/02-Jan-22 12:31:52::__main__::INFO::
Position 23:
 (8) Staff Data Engineer | FourKites, Inc. | LinkedIn 
 * Doesn't have Easy Apply Button 

./logs/02-Jan-22 12:32:11::__main__::INFO::Clicking the EASY apply button
./logs/02-Jan-22 12:32:23::__main__::INFO::Could not complete submission
./logs/02-Jan-22 12:32:25::__main__::INFO::
Position 24:
 (8) Data Engineer | Fornax | LinkedIn 
 * has Easy Apply Button 

./logs/02-Jan-22 12:32:40::__main__::INFO::The button does not exist.
./logs/02-Jan-22 12:32:40::__main__::INFO::
Position 25:
 (8) Lead Data Engineer [T500-2353] | Walmart Global Tech India | LinkedIn 
 * Doesn't have Easy Apply Button 

./logs/02-Jan-22 12:32:40::__main__::INFO::****************************************


                    Going to next jobs page, YEAAAHHH!!
                    ****************************************


./logs/02-Jan-22 12:32:48::__main__::INFO::Lock avoided.
./logs/02-Jan-22 12:33:09::__main__::INFO::590.0 minutes left in this search
./logs/02-Jan-22 12:33:09::__main__::DEBUG::Sleeping for 4.5
./logs/02-Jan-22 12:33:51::__main__::INFO::The button does not exist.
./logs/02-Jan-22 12:33:51::__main__::INFO::
Position 26:
 (8) Data Engineer | DISH Network | LinkedIn 
 * Doesn't have Easy Apply Button 

./logs/02-Jan-22 12:34:05::__main__::INFO::Clicking the EASY apply button
./logs/02-Jan-22 12:34:17::__main__::INFO::Could not complete submission
./logs/02-Jan-22 12:34:18::__main__::INFO::
Position 27:
 (8) Lead Data Engineer | Saveo.in | LinkedIn 
 * has Easy Apply Button 

./logs/02-Jan-22 12:34:35::__main__::INFO::Clicking the EASY apply button
./logs/02-Jan-22 12:34:48::__main__::INFO::Could not complete submission
./logs/02-Jan-22 12:34:50::__main__::INFO::
Position 28:
 (8) Senior Data Engineer | DataGrokr | LinkedIn 
 * has Easy Apply Button 

./logs/02-Jan-22 12:35:07::__main__::INFO::The button does not exist.
./logs/02-Jan-22 12:35:07::__main__::INFO::
Position 29:
 (8) Data Engineer | BYJU'S | LinkedIn 
 * Doesn't have Easy Apply Button 

./logs/02-Jan-22 12:35:23::__main__::INFO::The button does not exist.
./logs/02-Jan-22 12:35:23::__main__::INFO::
Position 30:
 (8) Data Engineer - Kafka [T500-1828] | Advance Auto Parts | LinkedIn 
 * Doesn't have Easy Apply Button 

./logs/02-Jan-22 12:35:36::__main__::INFO::The button does not exist.
./logs/02-Jan-22 12:35:36::__main__::INFO::
Position 31:
 (8) Senior Data Engineer | Atgeir Solutions | LinkedIn 
 * Doesn't have Easy Apply Button 

./logs/02-Jan-22 12:35:51::__main__::INFO::Clicking the EASY apply button
./logs/02-Jan-22 12:36:11::__main__::INFO::Could not complete submission
./logs/02-Jan-22 12:36:13::__main__::INFO::
Position 32:
 (8) Data Engineer | Bosch India | LinkedIn 
 * has Easy Apply Button 

./logs/02-Jan-22 12:36:27::__main__::INFO::Clicking the EASY apply button
./logs/02-Jan-22 12:36:37::__main__::INFO::Could not complete submission
./logs/02-Jan-22 12:36:40::__main__::INFO::
Position 33:
 (8) Senior Data Engineer -Melbourne , Australia | Fractal | LinkedIn 
 * has Easy Apply Button 

./logs/02-Jan-22 12:36:54::__main__::INFO::Clicking the EASY apply button
./logs/02-Jan-22 12:37:06::__main__::INFO::Could not complete submission
./logs/02-Jan-22 12:37:08::__main__::INFO::
Position 34:
 (8) Senior Data Engineer | NexaQ | LinkedIn 
 * has Easy Apply Button 

./logs/02-Jan-22 12:37:28::__main__::INFO::Clicking the EASY apply button
./logs/02-Jan-22 12:37:40::__main__::INFO::Could not complete submission
./logs/02-Jan-22 12:37:42::__main__::INFO::
Position 35:
 (8) Data Engineer | MediBuddy | LinkedIn 
 * has Easy Apply Button 

./logs/02-Jan-22 12:37:56::__main__::INFO::Clicking the EASY apply button
./logs/02-Jan-22 12:38:11::__main__::INFO::Application Submitted
./logs/02-Jan-22 12:38:13::__main__::INFO::
Position 36:
 (8) Senior Data Engineer | pSemi, A Murata Company | LinkedIn 
 * has Easy Apply Button 

./logs/02-Jan-22 12:38:29::__main__::INFO::Clicking the EASY apply button
./logs/02-Jan-22 12:38:40::__main__::INFO::Could not complete submission
./logs/02-Jan-22 12:38:41::__main__::INFO::
Position 37:
 Data Engineer -Melbourne , Australia | Fractal | LinkedIn 
 * has Easy Apply Button 

./logs/02-Jan-22 12:38:56::__main__::INFO::The button does not exist.
./logs/02-Jan-22 12:38:56::__main__::INFO::
Position 38:
 Sr Data Engineer | BrainScale Inc | LinkedIn 
 * Doesn't have Easy Apply Button 

./logs/02-Jan-22 12:39:09::__main__::INFO::Clicking the EASY apply button
./logs/02-Jan-22 12:39:21::__main__::INFO::Could not complete submission
./logs/02-Jan-22 12:39:23::__main__::INFO::
Position 39:
 Lead Data Engineer | DataGrokr | LinkedIn 
 * has Easy Apply Button 

./logs/02-Jan-22 12:39:37::__main__::INFO::The button does not exist.
./logs/02-Jan-22 12:39:37::__main__::INFO::
Position 40:
 Data Engineer Lead | Aavas Financiers Ltd | LinkedIn 
 * Doesn't have Easy Apply Button 

./logs/02-Jan-22 12:39:50::__main__::INFO::The button does not exist.
./logs/02-Jan-22 12:39:50::__main__::INFO::
Position 41:
 Senior Data Engineer | Northern Trust Corporation | LinkedIn 
 * Doesn't have Easy Apply Button 

./logs/02-Jan-22 12:40:04::__main__::INFO::Clicking the EASY apply button
./logs/02-Jan-22 12:40:16::__main__::INFO::Could not complete submission
./logs/02-Jan-22 12:40:18::__main__::INFO::
Position 42:
 data Engineer (AWS) | UsefulBI Corporation | LinkedIn 
 * has Easy Apply Button 

./logs/02-Jan-22 12:40:34::__main__::INFO::Clicking the EASY apply button
./logs/02-Jan-22 12:40:46::__main__::INFO::Could not complete submission
./logs/02-Jan-22 12:40:49::__main__::INFO::
Position 43:
 Data Engineer with Python, SQL and Cloud(GCP/AWS) | Affine | LinkedIn 
 * has Easy Apply Button 

./logs/02-Jan-22 12:41:03::__main__::INFO::Clicking the EASY apply button
./logs/02-Jan-22 12:41:16::__main__::INFO::Could not complete submission
./logs/02-Jan-22 12:41:18::__main__::INFO::
Position 44:
 Senior Data Engineer | Cians Analytics | LinkedIn 
 * has Easy Apply Button 

./logs/02-Jan-22 12:41:18::__main__::INFO::********count_application: 20************


                                Time for a nap - see you in:12 min
                            ****************************************


./logs/02-Jan-22 12:54:24::__main__::INFO::The button does not exist.
./logs/02-Jan-22 12:54:24::__main__::INFO::
Position 45:
 Data Engineer | Falabella India | LinkedIn 
 * Doesn't have Easy Apply Button 

./logs/02-Jan-22 12:54:24::__main__::INFO::********count_application: 20************


                                Time for a nap - see you in:9 min
                            ****************************************


./logs/02-Jan-22 13:04:37::__main__::INFO::The button does not exist.
./logs/02-Jan-22 13:04:37::__main__::INFO::
Position 46:
 Data Engineer | Nisum | LinkedIn 
 * Doesn't have Easy Apply Button 

./logs/02-Jan-22 13:04:37::__main__::INFO::********count_application: 20************


                                Time for a nap - see you in:14 min
                            ****************************************


./logs/02-Jan-22 13:18:56::__main__::INFO::The button does not exist.
./logs/02-Jan-22 13:18:56::__main__::INFO::
Position 47:
 Azure Data Engineer | Wipro Technologies | LinkedIn 
 * Doesn't have Easy Apply Button 

./logs/02-Jan-22 13:18:56::__main__::INFO::********count_application: 20************


                                Time for a nap - see you in:12 min
                            ****************************************


./logs/02-Jan-22 13:32:08::__main__::INFO::Clicking the EASY apply button
./logs/02-Jan-22 13:32:30::__main__::INFO::Could not complete submission
./logs/02-Jan-22 13:32:32::__main__::INFO::
Position 48:
 Data Engineer II | Compass | LinkedIn 
 * has Easy Apply Button 

./logs/02-Jan-22 13:32:47::__main__::INFO::The button does not exist.
./logs/02-Jan-22 13:32:47::__main__::INFO::
Position 49:
 Data Engineer | NeenOpal Inc. | LinkedIn 
 * Doesn't have Easy Apply Button 

./logs/02-Jan-22 13:33:01::__main__::INFO::Clicking the EASY apply button
./logs/02-Jan-22 13:33:11::__main__::INFO::Could not complete submission
./logs/02-Jan-22 13:33:12::__main__::INFO::
Position 50:
 Lead Data Engineer-Sydney, Australia | Fractal | LinkedIn 
 * has Easy Apply Button 

./logs/02-Jan-22 13:33:12::__main__::INFO::****************************************


                    Going to next jobs page, YEAAAHHH!!
                    ****************************************


./logs/02-Jan-22 13:33:21::__main__::INFO::Lock avoided.
./logs/02-Jan-22 13:33:42::__main__::INFO::530.0 minutes left in this search
./logs/02-Jan-22 13:33:42::__main__::DEBUG::Sleeping for 4.7
./logs/02-Jan-22 13:34:24::__main__::INFO::Clicking the EASY apply button
./logs/02-Jan-22 13:34:37::__main__::INFO::Could not complete submission
./logs/02-Jan-22 13:34:39::__main__::INFO::
Position 51:
 (1) Senior Data Engineer | IDfy | LinkedIn 
 * has Easy Apply Button 

./logs/02-Jan-22 13:34:55::__main__::INFO::Clicking the EASY apply button
./logs/02-Jan-22 13:35:02::__main__::INFO::Could not complete submission
./logs/02-Jan-22 13:35:04::__main__::INFO::
Position 52:
 (1) Data Engineer | Entropik Tech | LinkedIn 
 * has Easy Apply Button 

./logs/02-Jan-22 13:35:19::__main__::INFO::The button does not exist.
./logs/02-Jan-22 13:35:19::__main__::INFO::
Position 53:
 (1) Big Data Engineer - II | Hubilo | LinkedIn 
 * Doesn't have Easy Apply Button 

./logs/02-Jan-22 13:35:33::__main__::INFO::The button does not exist.
./logs/02-Jan-22 13:35:33::__main__::INFO::
Position 54:
 (1) Associate / Senior Associate - Data Engineer | TheMathCompany | LinkedIn 
 * Doesn't have Easy Apply Button 

./logs/02-Jan-22 13:35:47::__main__::INFO::The button does not exist.
./logs/02-Jan-22 13:35:47::__main__::INFO::
Position 55:
 (1) Big Data (Data Lake) - Data Engineer / AWS Developer | Kotak Mahindra Bank | LinkedIn 
 * Doesn't have Easy Apply Button 

./logs/02-Jan-22 13:36:01::__main__::INFO::The button does not exist.
./logs/02-Jan-22 13:36:01::__main__::INFO::
Position 56:
 (1) Senior Data Engineer | Infogain | LinkedIn 
 * Doesn't have Easy Apply Button 

./logs/02-Jan-22 13:36:15::__main__::INFO::Clicking the EASY apply button
./logs/02-Jan-22 13:36:28::__main__::INFO::Could not complete submission
./logs/02-Jan-22 13:36:29::__main__::INFO::
Position 57:
 (1) Data Engineer (Kafka) - SDE III | Zabda | LinkedIn 
 * has Easy Apply Button 

./logs/02-Jan-22 13:36:44::__main__::INFO::Clicking the EASY apply button
./logs/02-Jan-22 13:36:56::__main__::INFO::Could not complete submission
./logs/02-Jan-22 13:36:58::__main__::INFO::
Position 58:
 (1) Data Engineer | Applicantz | LinkedIn 
 * has Easy Apply Button 

./logs/02-Jan-22 13:37:13::__main__::INFO::The button does not exist.
./logs/02-Jan-22 13:37:13::__main__::INFO::
Position 59:
 (1) Data Engineer | Media.net | LinkedIn 
 * Doesn't have Easy Apply Button 

./logs/02-Jan-22 13:37:26::__main__::INFO::Clicking the EASY apply button
./logs/02-Jan-22 13:37:39::__main__::INFO::Could not complete submission
./logs/02-Jan-22 13:37:40::__main__::INFO::
Position 60:
 (1) Hadoop (Data Engineer) | ZENFINET | LinkedIn 
 * has Easy Apply Button 

./logs/02-Jan-22 13:37:54::__main__::INFO::The button does not exist.
./logs/02-Jan-22 13:37:54::__main__::INFO::
Position 61:
 (1) Backend data engineer | Chingari | LinkedIn 
 * Doesn't have Easy Apply Button 

./logs/02-Jan-22 13:38:14::__main__::INFO::The button does not exist.
./logs/02-Jan-22 13:38:14::__main__::INFO::
Position 62:
 (1) Data Engineer | Cloudwick Technologies | LinkedIn 
 * Doesn't have Easy Apply Button 

./logs/02-Jan-22 13:38:27::__main__::INFO::The button does not exist.
./logs/02-Jan-22 13:38:27::__main__::INFO::
Position 63:
 (1) Data Engineer | indigoChart | LinkedIn 
 * Doesn't have Easy Apply Button 

./logs/02-Jan-22 13:38:41::__main__::INFO::The button does not exist.
./logs/02-Jan-22 13:38:41::__main__::INFO::
Position 64:
 (1) Data Engineer [T500-2446] | Advance Auto Parts | LinkedIn 
 * Doesn't have Easy Apply Button 

./logs/02-Jan-22 13:38:54::__main__::INFO::Clicking the EASY apply button
./logs/02-Jan-22 13:39:03::__main__::INFO::Could not complete submission
./logs/02-Jan-22 13:39:05::__main__::INFO::
Position 65:
 (1) Data Engineer - Crux Intelligence | Fractal | LinkedIn 
 * has Easy Apply Button 

./logs/02-Jan-22 13:39:20::__main__::INFO::The button does not exist.
./logs/02-Jan-22 13:39:20::__main__::INFO::
Position 66:
 (1) Big Data Engineer | Chingari | LinkedIn 
 * Doesn't have Easy Apply Button 

./logs/02-Jan-22 13:39:33::__main__::INFO::The button does not exist.
./logs/02-Jan-22 13:39:33::__main__::INFO::
Position 67:
 (1) Data Engineer | Vision Excel Career Solutions | LinkedIn 
 * Doesn't have Easy Apply Button 

./logs/02-Jan-22 13:39:48::__main__::INFO::The button does not exist.
./logs/02-Jan-22 13:39:48::__main__::INFO::
Position 68:
 (1) Data Engineer | BuzzClan | LinkedIn 
 * Doesn't have Easy Apply Button 

./logs/02-Jan-22 13:40:03::__main__::INFO::The button does not exist.
./logs/02-Jan-22 13:40:03::__main__::INFO::
Position 69:
 (1) Lead Data Engineer | aNumak & Company | LinkedIn 
 * Doesn't have Easy Apply Button 

./logs/02-Jan-22 13:40:19::__main__::INFO::Clicking the EASY apply button
./logs/02-Jan-22 13:40:24::__main__::INFO::Could not complete submission
./logs/02-Jan-22 13:40:26::__main__::INFO::
Position 70:
 (1) Data Engineer | Eaton | LinkedIn 
 * has Easy Apply Button 

./logs/02-Jan-22 13:40:40::__main__::INFO::The button does not exist.
./logs/02-Jan-22 13:40:40::__main__::INFO::
Position 71:
 (1) Data Engineer | Truecaller | LinkedIn 
 * Doesn't have Easy Apply Button 

./logs/02-Jan-22 13:40:53::__main__::INFO::The button does not exist.
./logs/02-Jan-22 13:40:53::__main__::INFO::
Position 72:
 (1) Data Engineer Senior | XPO Logistics, Inc. | LinkedIn 
 * Doesn't have Easy Apply Button 

./logs/02-Jan-22 13:41:07::__main__::INFO::The button does not exist.
./logs/02-Jan-22 13:41:07::__main__::INFO::
Position 73:
 (1) Data Engineer | NeenOpal Inc. | LinkedIn 
 * Doesn't have Easy Apply Button 

./logs/02-Jan-22 13:41:21::__main__::INFO::The button does not exist.
./logs/02-Jan-22 13:41:21::__main__::INFO::
Position 74:
 (1) Data Engineer | Chubb | LinkedIn 
 * Doesn't have Easy Apply Button 

./logs/02-Jan-22 13:41:35::__main__::INFO::The button does not exist.
./logs/02-Jan-22 13:41:35::__main__::INFO::
Position 75:
 (1) Data Engineer | Zensark | LinkedIn 
 * Doesn't have Easy Apply Button 

./logs/02-Jan-22 13:41:35::__main__::INFO::****************************************


                    Going to next jobs page, YEAAAHHH!!
                    ****************************************


./logs/02-Jan-22 13:41:42::__main__::INFO::Lock avoided.
./logs/02-Jan-22 13:42:02::__main__::INFO::521.0 minutes left in this search
./logs/02-Jan-22 13:42:02::__main__::DEBUG::Sleeping for 3.7
./logs/02-Jan-22 13:42:41::__main__::INFO::The button does not exist.
./logs/02-Jan-22 13:42:41::__main__::INFO::
Position 76:
 (1) Sr. Platform Data Engineer | Oracle | LinkedIn 
 * Doesn't have Easy Apply Button 

./logs/02-Jan-22 13:42:55::__main__::INFO::The button does not exist.
./logs/02-Jan-22 13:42:55::__main__::INFO::
Position 77:
 (1) Azure Data Engineer | Abzooba | LinkedIn 
 * Doesn't have Easy Apply Button 

./logs/02-Jan-22 13:43:09::__main__::INFO::The button does not exist.
./logs/02-Jan-22 13:43:09::__main__::INFO::
Position 78:
 (1) Data Engineer | GlobalLogic | LinkedIn 
 * Doesn't have Easy Apply Button 

./logs/02-Jan-22 13:43:22::__main__::INFO::The button does not exist.
./logs/02-Jan-22 13:43:22::__main__::INFO::
Position 79:
 (1) Data Engineer | Entropik Tech | LinkedIn 
 * Doesn't have Easy Apply Button 

./logs/02-Jan-22 13:43:36::__main__::INFO::The button does not exist.
./logs/02-Jan-22 13:43:36::__main__::INFO::
Position 80:
 (1) Data Engineer | BharatPe | LinkedIn 
 * Doesn't have Easy Apply Button 

./logs/02-Jan-22 13:43:50::__main__::INFO::The button does not exist.
./logs/02-Jan-22 13:43:50::__main__::INFO::
Position 81:
 (1) Data Engineer Lead | XPO Logistics, Inc. | LinkedIn 
 * Doesn't have Easy Apply Button 

./logs/02-Jan-22 13:44:04::__main__::INFO::The button does not exist.
./logs/02-Jan-22 13:44:04::__main__::INFO::
Position 82:
 (1) Data Engineer | FischerJordan | LinkedIn 
 * Doesn't have Easy Apply Button 

./logs/02-Jan-22 13:44:04::__main__::INFO::****************************************


                    Going to next jobs page, YEAAAHHH!!
                    ****************************************


./logs/02-Jan-22 13:44:11::__main__::INFO::Lock avoided.
./logs/02-Jan-22 13:44:31::__main__::INFO::519.0 minutes left in this search
./logs/02-Jan-22 13:44:31::__main__::DEBUG::Sleeping for 4.1
./logs/02-Jan-22 13:45:11::__main__::INFO::The button does not exist.
./logs/02-Jan-22 13:45:11::__main__::INFO::
Position 101:
 (1) Senior Data Engineer | Eaton | LinkedIn 
 * Doesn't have Easy Apply Button 

./logs/02-Jan-22 13:45:24::__main__::INFO::The button does not exist.
./logs/02-Jan-22 13:45:24::__main__::INFO::
Position 102:
 (1) Data Engineer | dentsu X | LinkedIn 
 * Doesn't have Easy Apply Button 

./logs/02-Jan-22 13:45:38::__main__::INFO::The button does not exist.
./logs/02-Jan-22 13:45:38::__main__::INFO::
Position 103:
 (1) Data Engineer | Toll Group | LinkedIn 
 * Doesn't have Easy Apply Button 

./logs/02-Jan-22 13:45:52::__main__::INFO::The button does not exist.
./logs/02-Jan-22 13:45:52::__main__::INFO::
Position 104:
 (1) Data Engineer | Xiaomi India | LinkedIn 
 * Doesn't have Easy Apply Button 

./logs/02-Jan-22 13:46:06::__main__::INFO::The button does not exist.
./logs/02-Jan-22 13:46:06::__main__::INFO::
Position 105:
 (1) Data Engineer | phData | LinkedIn 
 * Doesn't have Easy Apply Button 

./logs/02-Jan-22 13:46:22::__main__::INFO::The button does not exist.
./logs/02-Jan-22 13:46:22::__main__::INFO::
Position 106:
 (1) Sr/principal data cloud engineer (AWS) - Immediate Joining | MEDTEK AI | LinkedIn 
 * Doesn't have Easy Apply Button 

./logs/02-Jan-22 13:46:35::__main__::INFO::The button does not exist.
./logs/02-Jan-22 13:46:35::__main__::INFO::
Position 107:
 (1) Engineer - Database Services | Times Internet | LinkedIn 
 * Doesn't have Easy Apply Button 

./logs/02-Jan-22 13:46:35::__main__::INFO::****************************************


                    Going to next jobs page, YEAAAHHH!!
                    ****************************************


./logs/02-Jan-22 13:46:42::__main__::INFO::Lock avoided.
./logs/02-Jan-22 13:47:02::__main__::INFO::516.0 minutes left in this search
./logs/02-Jan-22 13:47:02::__main__::DEBUG::Sleeping for 4.5
./logs/02-Jan-22 13:47:42::__main__::INFO::The button does not exist.
./logs/02-Jan-22 13:47:42::__main__::INFO::
Position 126:
 (1) Lead Data Engineer | Eaton | LinkedIn 
 * Doesn't have Easy Apply Button 

./logs/02-Jan-22 13:47:57::__main__::INFO::The button does not exist.
./logs/02-Jan-22 13:47:57::__main__::INFO::
Position 127:
 (1) Data Engineer | Brio Technologies Private Limited | LinkedIn 
 * Doesn't have Easy Apply Button 

./logs/02-Jan-22 13:48:11::__main__::INFO::The button does not exist.
./logs/02-Jan-22 13:48:11::__main__::INFO::
Position 128:
 (1) Senior Data Engineer | InViz AI | LinkedIn 
 * Doesn't have Easy Apply Button 

./logs/02-Jan-22 13:48:25::__main__::INFO::The button does not exist.
./logs/02-Jan-22 13:48:25::__main__::INFO::
Position 129:
 (1) Lead Data Engineer | Condé Nast Data (India) | LinkedIn 
 * Doesn't have Easy Apply Button 

./logs/02-Jan-22 13:48:38::__main__::INFO::The button does not exist.
./logs/02-Jan-22 13:48:38::__main__::INFO::
Position 130:
 (1) Data Engineer-MDM | PayPal | LinkedIn 
 * Doesn't have Easy Apply Button 

./logs/02-Jan-22 13:48:53::__main__::INFO::The button does not exist.
./logs/02-Jan-22 13:48:53::__main__::INFO::
Position 131:
 (1) Azure Data Engineer | Cgi Information Systems & Management Consultant Private Limited. | LinkedIn 
 * Doesn't have Easy Apply Button 

./logs/02-Jan-22 13:49:06::__main__::INFO::The button does not exist.
./logs/02-Jan-22 13:49:06::__main__::INFO::
Position 132:
 (1) Senior Data Engineer - Bigdata | 6sense | LinkedIn 
 * Doesn't have Easy Apply Button 

./logs/02-Jan-22 13:49:06::__main__::INFO::****************************************


                    Going to next jobs page, YEAAAHHH!!
                    ****************************************


./logs/02-Jan-22 13:49:13::__main__::INFO::Lock avoided.
./logs/02-Jan-22 13:49:34::__main__::INFO::514.0 minutes left in this search
./logs/02-Jan-22 13:49:34::__main__::DEBUG::Sleeping for 4.1
./logs/02-Jan-22 13:50:13::__main__::INFO::The button does not exist.
./logs/02-Jan-22 13:50:13::__main__::INFO::
Position 151:
 (1) Azure Data Engineer | SkyPoint Cloud | LinkedIn 
 * Doesn't have Easy Apply Button 

./logs/02-Jan-22 13:50:26::__main__::INFO::The button does not exist.
./logs/02-Jan-22 13:50:26::__main__::INFO::
Position 152:
 (1) Data Engineer/ETL Developer | Kaseya | LinkedIn 
 * Doesn't have Easy Apply Button 

./logs/02-Jan-22 13:50:40::__main__::INFO::The button does not exist.
./logs/02-Jan-22 13:50:40::__main__::INFO::
Position 153:
 (1) Data Warehouse Engineer | Dew Solutions Pvt Ltd | LinkedIn 
 * Doesn't have Easy Apply Button 

./logs/02-Jan-22 13:50:53::__main__::INFO::The button does not exist.
./logs/02-Jan-22 13:50:53::__main__::INFO::
Position 154:
 (1) Senior Data Engineer | Fractal | LinkedIn 
 * Doesn't have Easy Apply Button 

./logs/02-Jan-22 13:51:07::__main__::INFO::The button does not exist.
./logs/02-Jan-22 13:51:07::__main__::INFO::
Position 155:
 (1) GCP Data Engineer | RandomTrees | LinkedIn 
 * Doesn't have Easy Apply Button 

./logs/02-Jan-22 13:51:21::__main__::INFO::The button does not exist.
./logs/02-Jan-22 13:51:21::__main__::INFO::
Position 156:
 (1) Hadoop Data Engineer | Affine | LinkedIn 
 * Doesn't have Easy Apply Button 

./logs/02-Jan-22 13:51:36::__main__::INFO::The button does not exist.
./logs/02-Jan-22 13:51:36::__main__::INFO::
Position 157:
 (1) Data Engineer | Fractal | LinkedIn 
 * Doesn't have Easy Apply Button 

./logs/02-Jan-22 13:51:36::__main__::INFO::****************************************


                    Going to next jobs page, YEAAAHHH!!
                    ****************************************


./logs/02-Jan-22 13:51:43::__main__::INFO::Lock avoided.
./logs/02-Jan-22 13:52:03::__main__::INFO::511.0 minutes left in this search
./logs/02-Jan-22 13:52:03::__main__::DEBUG::Sleeping for 3.5
./logs/02-Jan-22 13:52:43::__main__::INFO::The button does not exist.
./logs/02-Jan-22 13:52:43::__main__::INFO::
Position 176:
 (1) Data Engineer-IMU | Accenture | LinkedIn 
 * Doesn't have Easy Apply Button 

./logs/02-Jan-22 13:52:56::__main__::INFO::The button does not exist.
./logs/02-Jan-22 13:52:56::__main__::INFO::
Position 177:
 (1) Big Data Senior Developer | Maveric Systems Limited | LinkedIn 
 * Doesn't have Easy Apply Button 

./logs/02-Jan-22 13:53:11::__main__::INFO::The button does not exist.
./logs/02-Jan-22 13:53:11::__main__::INFO::
Position 178:
 (1) Data Engineer | TO THE NEW | LinkedIn 
 * Doesn't have Easy Apply Button 

./logs/02-Jan-22 13:53:26::__main__::INFO::The button does not exist.
./logs/02-Jan-22 13:53:26::__main__::INFO::
Position 179:
 (1) Data Engineer-IMU | Accenture | LinkedIn 
 * Doesn't have Easy Apply Button 

./logs/02-Jan-22 13:53:39::__main__::INFO::The button does not exist.
./logs/02-Jan-22 13:53:39::__main__::INFO::
Position 180:
 (1) Senior Data Engineer | Jeavio | LinkedIn 
 * Doesn't have Easy Apply Button 

./logs/02-Jan-22 13:53:53::__main__::INFO::The button does not exist.
./logs/02-Jan-22 13:53:53::__main__::INFO::
Position 181:
 (1) Engineer - Data Management | Eaton | LinkedIn 
 * Doesn't have Easy Apply Button 

./logs/02-Jan-22 13:54:06::__main__::INFO::The button does not exist.
./logs/02-Jan-22 13:54:06::__main__::INFO::
Position 182:
 (1) Senior Data Engineer | Ventura Securities Ltd | LinkedIn 
 * Doesn't have Easy Apply Button 

./logs/02-Jan-22 13:54:06::__main__::INFO::****************************************


                    Going to next jobs page, YEAAAHHH!!
                    ****************************************


./logs/02-Jan-22 13:54:15::__main__::INFO::Lock avoided.
./logs/02-Jan-22 13:54:35::__main__::INFO::509.0 minutes left in this search
./logs/02-Jan-22 13:54:35::__main__::DEBUG::Sleeping for 3.7
./logs/02-Jan-22 13:55:15::__main__::INFO::The button does not exist.
./logs/02-Jan-22 13:55:15::__main__::INFO::
Position 201:
 (1) Data Engineer | Programmers.io | LinkedIn 
 * Doesn't have Easy Apply Button 

./logs/02-Jan-22 13:55:29::__main__::INFO::The button does not exist.
./logs/02-Jan-22 13:55:29::__main__::INFO::
Position 202:
 (1) AWS Data Engineer | Impetus | LinkedIn 
 * Doesn't have Easy Apply Button 

./logs/02-Jan-22 13:55:43::__main__::INFO::The button does not exist.
./logs/02-Jan-22 13:55:43::__main__::INFO::
Position 203:
 (1) Data Engineer | Stralynn Consulting Services, Inc | LinkedIn 
 * Doesn't have Easy Apply Button 

./logs/02-Jan-22 13:55:57::__main__::INFO::The button does not exist.
./logs/02-Jan-22 13:55:57::__main__::INFO::
Position 204:
 (1) Senior Data Modeling Engineer | Oracle | LinkedIn 
 * Doesn't have Easy Apply Button 

./logs/02-Jan-22 13:56:10::__main__::INFO::The button does not exist.
./logs/02-Jan-22 13:56:10::__main__::INFO::
Position 205:
 (1) Data Engineer | World Wide Technology | LinkedIn 
 * Doesn't have Easy Apply Button 

./logs/02-Jan-22 13:56:24::__main__::INFO::The button does not exist.
./logs/02-Jan-22 13:56:24::__main__::INFO::
Position 206:
 (1) Lead Data Engineer - AWS | Indegene | LinkedIn 
 * Doesn't have Easy Apply Button 

./logs/02-Jan-22 13:56:37::__main__::INFO::The button does not exist.
./logs/02-Jan-22 13:56:37::__main__::INFO::
Position 207:
 (1) Data Engineer - Community (APAC) | Striim | LinkedIn 
 * Doesn't have Easy Apply Button 

./logs/02-Jan-22 13:56:37::__main__::INFO::****************************************


                    Going to next jobs page, YEAAAHHH!!
                    ****************************************


./logs/02-Jan-22 13:56:45::__main__::INFO::Lock avoided.
./logs/02-Jan-22 13:57:05::__main__::INFO::506.0 minutes left in this search
./logs/02-Jan-22 13:57:05::__main__::DEBUG::Sleeping for 3.8
./logs/02-Jan-22 13:57:46::__main__::INFO::The button does not exist.
./logs/02-Jan-22 13:57:46::__main__::INFO::
Position 226:
 (1) Data Engineer - GCP | SADA India (Formerly known as ByteWave Digital) | LinkedIn 
 * Doesn't have Easy Apply Button 

./logs/02-Jan-22 13:57:59::__main__::INFO::The button does not exist.
./logs/02-Jan-22 13:57:59::__main__::INFO::
Position 227:
 (1) Data Engineer | neurIOT Technologies | LinkedIn 
 * Doesn't have Easy Apply Button 

./logs/02-Jan-22 13:58:13::__main__::INFO::The button does not exist.
./logs/02-Jan-22 13:58:13::__main__::INFO::
Position 228:
 (1) Data Engineer | Tata Consultancy Services | LinkedIn 
 * Doesn't have Easy Apply Button 

./logs/02-Jan-22 13:58:26::__main__::INFO::The button does not exist.
./logs/02-Jan-22 13:58:26::__main__::INFO::
Position 229:
 (1) Azure Data Engineer | Fractal | LinkedIn 
 * Doesn't have Easy Apply Button 

./logs/02-Jan-22 13:58:40::__main__::INFO::The button does not exist.
./logs/02-Jan-22 13:58:40::__main__::INFO::
Position 230:
 (1) Data Engineer (Semantic) | Tata Consultancy Services | LinkedIn 
 * Doesn't have Easy Apply Button 

./logs/02-Jan-22 13:58:53::__main__::INFO::The button does not exist.
./logs/02-Jan-22 13:58:53::__main__::INFO::
Position 231:
 (1) BCAI - Senior Data Engineer | Bosch Engineering and Business Solutions | LinkedIn 
 * Doesn't have Easy Apply Button 

./logs/02-Jan-22 13:59:07::__main__::INFO::The button does not exist.
./logs/02-Jan-22 13:59:07::__main__::INFO::
Position 232:
 (1) Azure Data Engineer | Tata Consultancy Services | LinkedIn 
 * Doesn't have Easy Apply Button 

./logs/02-Jan-22 13:59:07::__main__::INFO::****************************************


                    Going to next jobs page, YEAAAHHH!!
                    ****************************************


./logs/02-Jan-22 13:59:16::__main__::INFO::Lock avoided.
./logs/02-Jan-22 13:59:36::__main__::INFO::504.0 minutes left in this search
./logs/02-Jan-22 13:59:36::__main__::DEBUG::Sleeping for 4.8
./logs/02-Jan-22 14:00:17::__main__::INFO::The button does not exist.
./logs/02-Jan-22 14:00:17::__main__::INFO::
Position 251:
 (1) Senior Data Engineer - ERP | Concentrix | LinkedIn 
 * Doesn't have Easy Apply Button 

./logs/02-Jan-22 14:00:31::__main__::INFO::The button does not exist.
./logs/02-Jan-22 14:00:31::__main__::INFO::
Position 252:
 (1) Data Warehouse Engineer | Acrocede Technologies Private Limited | LinkedIn 
 * Doesn't have Easy Apply Button 

./logs/02-Jan-22 14:00:45::__main__::INFO::The button does not exist.
./logs/02-Jan-22 14:00:45::__main__::INFO::
Position 253:
 (1) Hadoop Data Engineer | Tata Consultancy Services | LinkedIn 
 * Doesn't have Easy Apply Button 

./logs/02-Jan-22 14:00:59::__main__::INFO::The button does not exist.
./logs/02-Jan-22 14:00:59::__main__::INFO::
Position 254:
 (1) Senior Data Engineer | Emerson | LinkedIn 
 * Doesn't have Easy Apply Button 

./logs/02-Jan-22 14:01:13::__main__::INFO::The button does not exist.
./logs/02-Jan-22 14:01:13::__main__::INFO::
Position 255:
 (1) Data Engineer - PowerTrain Digitalization (BDO-IN) | Bosch Engineering and Business Solutions | LinkedIn 
 * Doesn't have Easy Apply Button 

./logs/02-Jan-22 14:01:26::__main__::INFO::The button does not exist.
./logs/02-Jan-22 14:01:26::__main__::INFO::
Position 256:
 (1) Big Data Developer | Segertek | LinkedIn 
 * Doesn't have Easy Apply Button 

./logs/02-Jan-22 14:01:40::__main__::INFO::The button does not exist.
./logs/02-Jan-22 14:01:40::__main__::INFO::
Position 257:
 (1) Big Data Developer | Chiselon Technologies Pvt Ltd | LinkedIn 
 * Doesn't have Easy Apply Button 

./logs/02-Jan-22 14:01:40::__main__::INFO::****************************************


                    Going to next jobs page, YEAAAHHH!!
                    ****************************************


./logs/02-Jan-22 14:01:48::__main__::INFO::Lock avoided.
./logs/02-Jan-22 14:02:08::__main__::INFO::501.0 minutes left in this search
./logs/02-Jan-22 14:02:08::__main__::DEBUG::Sleeping for 4.8
./logs/02-Jan-22 14:02:48::__main__::INFO::The button does not exist.
./logs/02-Jan-22 14:02:48::__main__::INFO::
Position 276:
 (1) Data Engineer (Big Data) | Wipro | LinkedIn 
 * Doesn't have Easy Apply Button 

./logs/02-Jan-22 14:03:01::__main__::INFO::The button does not exist.
./logs/02-Jan-22 14:03:01::__main__::INFO::
Position 277:
 (1) Big Data Developer | Ness Digital Engineering | LinkedIn 
 * Doesn't have Easy Apply Button 

./logs/02-Jan-22 14:03:16::__main__::INFO::The button does not exist.
./logs/02-Jan-22 14:03:16::__main__::INFO::
Position 278:
 (1) Data Engineer | Innover Digital | LinkedIn 
 * Doesn't have Easy Apply Button 

./logs/02-Jan-22 14:03:30::__main__::INFO::The button does not exist.
./logs/02-Jan-22 14:03:30::__main__::INFO::
Position 279:
 (1) Senior Data Engineer - Java, Spark, Hive, BigData, Hadoop, HDFS, Scala, Batch, Real Time Processing, Kafka Streams | Walmart Global Tech India | LinkedIn 
 * Doesn't have Easy Apply Button 

./logs/02-Jan-22 14:03:44::__main__::INFO::The button does not exist.
./logs/02-Jan-22 14:03:44::__main__::INFO::
Position 280:
 (1) Data Engineer | phData | LinkedIn 
 * Doesn't have Easy Apply Button 

./logs/02-Jan-22 14:03:57::__main__::INFO::The button does not exist.
./logs/02-Jan-22 14:03:57::__main__::INFO::
Position 281:
 (1) Data Engineer | Tata Consultancy Services | LinkedIn 
 * Doesn't have Easy Apply Button 

./logs/02-Jan-22 14:03:57::__main__::INFO::****************************************


                    Going to next jobs page, YEAAAHHH!!
                    ****************************************


./logs/02-Jan-22 14:04:05::__main__::INFO::Lock avoided.
./logs/02-Jan-22 14:04:25::__main__::INFO::499.0 minutes left in this search
./logs/02-Jan-22 14:04:25::__main__::DEBUG::Sleeping for 3.7
./logs/02-Jan-22 14:05:04::__main__::INFO::The button does not exist.
./logs/02-Jan-22 14:05:04::__main__::INFO::
Position 301:
 (1) Data Engineer | Cervello | LinkedIn 
 * Doesn't have Easy Apply Button 

./logs/02-Jan-22 14:05:20::__main__::INFO::The button does not exist.
./logs/02-Jan-22 14:05:20::__main__::INFO::
Position 302:
 (1) Senior Data Engineer | Wipro | LinkedIn 
 * Doesn't have Easy Apply Button 

./logs/02-Jan-22 14:05:34::__main__::INFO::The button does not exist.
./logs/02-Jan-22 14:05:34::__main__::INFO::
Position 303:
 (1) Big Data Developer - Informatica BDM | XS Associates Pvt Limited | LinkedIn 
 * Doesn't have Easy Apply Button 

./logs/02-Jan-22 14:05:48::__main__::INFO::The button does not exist.
./logs/02-Jan-22 14:05:48::__main__::INFO::
Position 304:
 (1) Big Data Developer | Wipro Technologies | LinkedIn 
 * Doesn't have Easy Apply Button 

./logs/02-Jan-22 14:06:02::__main__::INFO::The button does not exist.
./logs/02-Jan-22 14:06:02::__main__::INFO::
Position 305:
 (1) Marketing Data Integration Engineer | RingCentral | LinkedIn 
 * Doesn't have Easy Apply Button 

./logs/02-Jan-22 14:06:16::__main__::INFO::The button does not exist.
./logs/02-Jan-22 14:06:16::__main__::INFO::
Position 306:
 (1) Google Cloud Data (Big Query) Engineer | Evonence | LinkedIn 
 * Doesn't have Easy Apply Button 

./logs/02-Jan-22 14:06:30::__main__::INFO::The button does not exist.
./logs/02-Jan-22 14:06:30::__main__::INFO::
Position 307:
 (1) Senior Data Engineer / Data Engineer II (SQL/DWH/Data Modeling) | Thrasio | LinkedIn 
 * Doesn't have Easy Apply Button 

./logs/02-Jan-22 14:06:30::__main__::INFO::****************************************


                    Going to next jobs page, YEAAAHHH!!
                    ****************************************


./logs/02-Jan-22 14:06:40::__main__::INFO::Lock avoided.
./logs/02-Jan-22 14:07:00::__main__::INFO::496.0 minutes left in this search
./logs/02-Jan-22 14:07:00::__main__::DEBUG::Sleeping for 4.2
./logs/02-Jan-22 14:07:39::__main__::INFO::The button does not exist.
./logs/02-Jan-22 14:07:39::__main__::INFO::
Position 326:
 (1) Senior Software Engineer - ETL/DWH | AIM-Recruits | LinkedIn 
 * Doesn't have Easy Apply Button 

./logs/02-Jan-22 14:07:53::__main__::INFO::The button does not exist.
./logs/02-Jan-22 14:07:53::__main__::INFO::
Position 327:
 (1) Sr. Data Engineer | Oportun | LinkedIn 
 * Doesn't have Easy Apply Button 

./logs/02-Jan-22 14:08:07::__main__::INFO::The button does not exist.
./logs/02-Jan-22 14:08:07::__main__::INFO::
Position 328:
 (1) Data Engineer, Totogi (Remote) - $60,000/year USD | Crossover for Work | LinkedIn 
 * Doesn't have Easy Apply Button 

./logs/02-Jan-22 14:08:21::__main__::INFO::The button does not exist.
./logs/02-Jan-22 14:08:21::__main__::INFO::
Position 329:
 (1) Big Data Developer | SysTechCorp Inc | LinkedIn 
 * Doesn't have Easy Apply Button 

./logs/02-Jan-22 14:08:35::__main__::INFO::The button does not exist.
./logs/02-Jan-22 14:08:35::__main__::INFO::
Position 330:
 (1) ADB (Azure Data Bricks) Engineer | Ness Digital Engineering | LinkedIn 
 * Doesn't have Easy Apply Button 

./logs/02-Jan-22 14:08:48::__main__::INFO::The button does not exist.
./logs/02-Jan-22 14:08:48::__main__::INFO::
Position 331:
 (1) Celonis Data Engineer | Aligned Automation | LinkedIn 
 * Doesn't have Easy Apply Button 

./logs/02-Jan-22 14:09:02::__main__::INFO::The button does not exist.
./logs/02-Jan-22 14:09:02::__main__::INFO::
Position 332:
 (1) Data Engineer | Tata Consultancy Services | LinkedIn 
 * Doesn't have Easy Apply Button 

./logs/02-Jan-22 14:09:02::__main__::INFO::****************************************


                    Going to next jobs page, YEAAAHHH!!
                    ****************************************


./logs/02-Jan-22 14:09:10::__main__::INFO::Lock avoided.
./logs/02-Jan-22 14:09:30::__main__::INFO::494.0 minutes left in this search
./logs/02-Jan-22 14:09:30::__main__::DEBUG::Sleeping for 4.3
./logs/02-Jan-22 14:10:10::__main__::INFO::The button does not exist.
./logs/02-Jan-22 14:10:10::__main__::INFO::
Position 351:
 (1) Big Data Developers | Impetus | LinkedIn 
 * Doesn't have Easy Apply Button 

./logs/02-Jan-22 14:10:24::__main__::INFO::The button does not exist.
./logs/02-Jan-22 14:10:24::__main__::INFO::
Position 352:
 (1) Data Engineer | 5x | LinkedIn 
 * Doesn't have Easy Apply Button 

./logs/02-Jan-22 14:10:41::__main__::INFO::The button does not exist.
./logs/02-Jan-22 14:10:41::__main__::INFO::
Position 353:
 (1) Remote Data Engineer | MonetizeMore | LinkedIn 
 * Doesn't have Easy Apply Button 

./logs/02-Jan-22 14:10:55::__main__::INFO::The button does not exist.
./logs/02-Jan-22 14:10:55::__main__::INFO::
Position 354:
 (1) Cloud Engineer | Impetus | LinkedIn 
 * Doesn't have Easy Apply Button 

./logs/02-Jan-22 14:11:09::__main__::INFO::The button does not exist.
./logs/02-Jan-22 14:11:09::__main__::INFO::
Position 355:
 (1) Big Data Developer | Umbrella Infocare Pvt Ltd | LinkedIn 
 * Doesn't have Easy Apply Button 

./logs/02-Jan-22 14:11:25::__main__::INFO::The button does not exist.
./logs/02-Jan-22 14:11:25::__main__::INFO::
Position 356:
 (1) ITCOE_Data Engineer - Azure/SQL/ETL (5-10 Years) | Aligned Automation | LinkedIn 
 * Doesn't have Easy Apply Button 

./logs/02-Jan-22 14:11:25::__main__::INFO::****************************************


                    Going to next jobs page, YEAAAHHH!!
                    ****************************************


./logs/02-Jan-22 14:11:32::__main__::INFO::Lock avoided.
./logs/02-Jan-22 14:11:52::__main__::INFO::492.0 minutes left in this search
./logs/02-Jan-22 14:11:52::__main__::DEBUG::Sleeping for 4.5
./logs/02-Jan-22 14:12:34::__main__::INFO::The button does not exist.
./logs/02-Jan-22 14:12:34::__main__::INFO::
Position 376:
 (1) Streaming Data Engineer | Inflection.io | LinkedIn 
 * Doesn't have Easy Apply Button 

./logs/02-Jan-22 14:12:47::__main__::INFO::The button does not exist.
./logs/02-Jan-22 14:12:47::__main__::INFO::
Position 377:
 (1) Big Data Developer | Pentagon Space | LinkedIn 
 * Doesn't have Easy Apply Button 

./logs/02-Jan-22 14:13:02::__main__::INFO::The button does not exist.
./logs/02-Jan-22 14:13:02::__main__::INFO::
Position 378:
 (1) Big Data Developer | LTI - Larsen & Toubro Infotech | LinkedIn 
 * Doesn't have Easy Apply Button 

./logs/02-Jan-22 14:13:15::__main__::INFO::The button does not exist.
./logs/02-Jan-22 14:13:15::__main__::INFO::
Position 379:
 (1) Big Data Developer | Gaana | LinkedIn 
 * Doesn't have Easy Apply Button 

./logs/02-Jan-22 14:13:29::__main__::INFO::The button does not exist.
./logs/02-Jan-22 14:13:29::__main__::INFO::
Position 380:
 (1) Database Reliability Engineer(Golden Gate) | Infogain | LinkedIn 
 * Doesn't have Easy Apply Button 

./logs/02-Jan-22 14:13:43::__main__::INFO::The button does not exist.
./logs/02-Jan-22 14:13:43::__main__::INFO::
Position 381:
 (1) Database Reliability Engineer | Stealth Startup | LinkedIn 
 * Doesn't have Easy Apply Button 

./logs/02-Jan-22 14:13:58::__main__::INFO::The button does not exist.
./logs/02-Jan-22 14:13:58::__main__::INFO::
Position 382:
 (1) Big Data Engineer | Trantor | LinkedIn 
 * Doesn't have Easy Apply Button 

./logs/02-Jan-22 14:13:58::__main__::INFO::****************************************


                    Going to next jobs page, YEAAAHHH!!
                    ****************************************


./logs/02-Jan-22 14:14:06::__main__::INFO::Lock avoided.
./logs/02-Jan-22 14:14:26::__main__::INFO::489.0 minutes left in this search
./logs/02-Jan-22 14:14:26::__main__::DEBUG::Sleeping for 3.7
./logs/02-Jan-22 14:15:05::__main__::INFO::The button does not exist.
./logs/02-Jan-22 14:15:05::__main__::INFO::
Position 401:
 (1) Big Data Developer | Anblicks | LinkedIn 
 * Doesn't have Easy Apply Button 

./logs/02-Jan-22 14:15:19::__main__::INFO::The button does not exist.
./logs/02-Jan-22 14:15:19::__main__::INFO::
Position 402:
 (1) Big Data Developer | Impetus | LinkedIn 
 * Doesn't have Easy Apply Button 

./logs/02-Jan-22 14:15:32::__main__::INFO::The button does not exist.
./logs/02-Jan-22 14:15:32::__main__::INFO::
Position 403:
 (1) Software Data engineers | Tata Consultancy Services | LinkedIn 
 * Doesn't have Easy Apply Button 

./logs/02-Jan-22 14:15:46::__main__::INFO::The button does not exist.
./logs/02-Jan-22 14:15:46::__main__::INFO::
Position 404:
 (1) SR-7716- Azure Data Engineer | Fractal | LinkedIn 
 * Doesn't have Easy Apply Button 

./logs/02-Jan-22 14:16:03::__main__::INFO::The button does not exist.
./logs/02-Jan-22 14:16:03::__main__::INFO::
Position 405:
 (1) Data Engineer - AWS, Python | Betaflux | LinkedIn 
 * Doesn't have Easy Apply Button 

./logs/02-Jan-22 14:16:18::__main__::INFO::The button does not exist.
./logs/02-Jan-22 14:16:18::__main__::INFO::
Position 406:
 (1) Software Engineer - Teradata | Amdocs | LinkedIn 
 * Doesn't have Easy Apply Button 

./logs/02-Jan-22 14:16:18::__main__::INFO::****************************************


                    Going to next jobs page, YEAAAHHH!!
                    ****************************************


./logs/02-Jan-22 14:16:25::__main__::INFO::Lock avoided.
./logs/02-Jan-22 14:16:45::__main__::INFO::487.0 minutes left in this search
./logs/02-Jan-22 14:16:45::__main__::DEBUG::Sleeping for 4.4
./logs/02-Jan-22 14:17:25::__main__::INFO::The button does not exist.
./logs/02-Jan-22 14:17:25::__main__::INFO::
Position 426:
 (1) Big Data Developer | Impetus | LinkedIn 
 * Doesn't have Easy Apply Button 

./logs/02-Jan-22 14:17:38::__main__::INFO::The button does not exist.
./logs/02-Jan-22 14:17:38::__main__::INFO::
Position 427:
 (1) Data Engineer | SpringML, Inc. | LinkedIn 
 * Doesn't have Easy Apply Button 

./logs/02-Jan-22 14:17:51::__main__::INFO::The button does not exist.
./logs/02-Jan-22 14:17:51::__main__::INFO::
Position 428:
 (1) Google Cloud Data Engineers | Impetus | LinkedIn 
 * Doesn't have Easy Apply Button 

./logs/02-Jan-22 14:18:07::__main__::INFO::The button does not exist.
./logs/02-Jan-22 14:18:07::__main__::INFO::
Position 429:
 (1) Senior Engineer: Big Data | Fractal | LinkedIn 
 * Doesn't have Easy Apply Button 

./logs/02-Jan-22 14:18:24::__main__::INFO::The button does not exist.
./logs/02-Jan-22 14:18:24::__main__::INFO::
Position 430:
 (1) Big Data Developer | EZEU (OPC) INDIA PVT LIMITED | LinkedIn 
 * Doesn't have Easy Apply Button 

./logs/02-Jan-22 14:18:40::__main__::INFO::The button does not exist.
./logs/02-Jan-22 14:18:40::__main__::INFO::
Position 431:
 (1) Software Development Engineer - Data Engineering | Hotstar | LinkedIn 
 * Doesn't have Easy Apply Button 

./logs/02-Jan-22 14:18:40::__main__::INFO::****************************************


                    Going to next jobs page, YEAAAHHH!!
                    ****************************************


./logs/02-Jan-22 14:18:47::__main__::INFO::Lock avoided.
./logs/02-Jan-22 14:19:07::__main__::INFO::484.0 minutes left in this search
./logs/02-Jan-22 14:19:07::__main__::DEBUG::Sleeping for 4.6
./logs/02-Jan-22 14:19:51::__main__::INFO::The button does not exist.
./logs/02-Jan-22 14:19:51::__main__::INFO::
Position 451:
 (1) DataOps Engineer | My Community Finance | LinkedIn 
 * Doesn't have Easy Apply Button 

./logs/02-Jan-22 14:20:10::__main__::INFO::The button does not exist.
./logs/02-Jan-22 14:20:10::__main__::INFO::
Position 452:
 (1) Software Engineer - Security Implementation | o9 Solutions, Inc. | LinkedIn 
 * Doesn't have Easy Apply Button 

./logs/02-Jan-22 14:20:24::__main__::INFO::The button does not exist.
./logs/02-Jan-22 14:20:24::__main__::INFO::
Position 453:
 (1) Software Support Engineer( DB SQL/PostgreSQL, Python)-Gurgaon | Amdocs | LinkedIn 
 * Doesn't have Easy Apply Button 

./logs/02-Jan-22 14:20:40::__main__::INFO::The button does not exist.
./logs/02-Jan-22 14:20:40::__main__::INFO::
Position 454:
 (1) Software Engineer | Moody's Corporation | LinkedIn 
 * Doesn't have Easy Apply Button 

./logs/02-Jan-22 14:20:58::__main__::INFO::The button does not exist.
./logs/02-Jan-22 14:20:58::__main__::INFO::
Position 455:
 (1) Software Engineer - Data Engineering Team | DayToDay Health | LinkedIn 
 * Doesn't have Easy Apply Button 

./logs/02-Jan-22 14:21:12::__main__::INFO::The button does not exist.
./logs/02-Jan-22 14:21:12::__main__::INFO::
Position 456:
 (1) Associate Software Engineer | InfraCloud Technologies | LinkedIn 
 * Doesn't have Easy Apply Button 

./logs/02-Jan-22 14:21:25::__main__::INFO::The button does not exist.
./logs/02-Jan-22 14:21:25::__main__::INFO::
Position 457:
 (1) Software Engineer | Applicantz | LinkedIn 
 * Doesn't have Easy Apply Button 

./logs/02-Jan-22 14:21:25::__main__::INFO::****************************************


                    Going to next jobs page, YEAAAHHH!!
                    ****************************************


./logs/02-Jan-22 14:21:35::__main__::INFO::Lock avoided.
./logs/02-Jan-22 14:21:55::__main__::INFO::481.0 minutes left in this search
./logs/02-Jan-22 14:21:55::__main__::DEBUG::Sleeping for 4.8
./logs/02-Jan-22 14:22:38::__main__::INFO::The button does not exist.
./logs/02-Jan-22 14:22:38::__main__::INFO::
Position 476:
 (1) DevOps Engineer | Ai Palette | LinkedIn 
 * Doesn't have Easy Apply Button 

./logs/02-Jan-22 14:22:52::__main__::INFO::The button does not exist.
./logs/02-Jan-22 14:22:52::__main__::INFO::
Position 477:
 (1) Business Intelligence Engineer | Slurrp Farm | LinkedIn 
 * Doesn't have Easy Apply Button 

./logs/02-Jan-22 14:23:08::__main__::INFO::The button does not exist.
./logs/02-Jan-22 14:23:08::__main__::INFO::
Position 478:
 (1) Data Platform Engineer (Software engineer on the data platform) | 5x | LinkedIn 
 * Doesn't have Easy Apply Button 

./logs/02-Jan-22 14:23:31::__main__::INFO::The button does not exist.
./logs/02-Jan-22 14:23:31::__main__::INFO::
Position 479:
 (1) Engineer - Data Management | Eaton | LinkedIn 
 * Doesn't have Easy Apply Button 

./logs/02-Jan-22 14:23:45::__main__::INFO::The button does not exist.
./logs/02-Jan-22 14:23:45::__main__::INFO::
Position 480:
 (1) Software Development Engineer in Test | Solera, Inc. | LinkedIn 
 * Doesn't have Easy Apply Button 

./logs/02-Jan-22 14:23:59::__main__::INFO::The button does not exist.
./logs/02-Jan-22 14:23:59::__main__::INFO::
Position 481:
 (1) Senior BI Engineer - Remote work | CareerXperts Consulting | LinkedIn 
 * Doesn't have Easy Apply Button 

./logs/02-Jan-22 14:24:13::__main__::INFO::The button does not exist.
./logs/02-Jan-22 14:24:13::__main__::INFO::
Position 482:
 (1) Senior Analytics Engineer | Mercatus | LinkedIn 
 * Doesn't have Easy Apply Button 

./logs/02-Jan-22 14:24:13::__main__::INFO::****************************************


                    Going to next jobs page, YEAAAHHH!!
                    ****************************************


./logs/02-Jan-22 14:24:21::__main__::INFO::Lock avoided.
./logs/02-Jan-22 14:24:41::__main__::INFO::479.0 minutes left in this search
./logs/02-Jan-22 14:24:41::__main__::DEBUG::Sleeping for 4.5
./logs/02-Jan-22 14:25:23::__main__::INFO::The button does not exist.
./logs/02-Jan-22 14:25:23::__main__::INFO::
Position 501:
 (1) Software Engineer | InfraCloud Technologies | LinkedIn 
 * Doesn't have Easy Apply Button 

./logs/02-Jan-22 14:25:38::__main__::INFO::The button does not exist.
./logs/02-Jan-22 14:25:38::__main__::INFO::
Position 502:
 (1) System Engineer Electrification - Modelling and Simulation | Bosch Engineering and Business Solutions | LinkedIn 
 * Doesn't have Easy Apply Button 

./logs/02-Jan-22 14:25:51::__main__::INFO::The button does not exist.
./logs/02-Jan-22 14:25:51::__main__::INFO::
Position 503:
 (1) Lead Database Engineer | Freshworks | LinkedIn 
 * Doesn't have Easy Apply Button 

./logs/02-Jan-22 14:26:07::__main__::INFO::The button does not exist.
./logs/02-Jan-22 14:26:07::__main__::INFO::
Position 504:
 (1) Jr. Data Engineer (DBA) | Oportun | LinkedIn 
 * Doesn't have Easy Apply Button 

./logs/02-Jan-22 14:26:24::__main__::INFO::The button does not exist.
./logs/02-Jan-22 14:26:24::__main__::INFO::
Position 505:
 (1) Junior Data Modeller Developer | Bosch Engineering and Business Solutions | LinkedIn 
 * Doesn't have Easy Apply Button 

./logs/02-Jan-22 14:26:40::__main__::INFO::The button does not exist.
./logs/02-Jan-22 14:26:40::__main__::INFO::
Position 506:
 (1) Software Engineer 2 | Epsilon India | LinkedIn 
 * Doesn't have Easy Apply Button 

./logs/02-Jan-22 14:26:55::__main__::INFO::The button does not exist.
./logs/02-Jan-22 14:26:55::__main__::INFO::
Position 507:
 (1) TRESATA INDIA - SENIOR DATA ENGINEER | Tresata | LinkedIn 
 * Doesn't have Easy Apply Button 

./logs/02-Jan-22 14:26:55::__main__::INFO::****************************************


                    Going to next jobs page, YEAAAHHH!!
                    ****************************************


./logs/02-Jan-22 14:27:03::__main__::INFO::Lock avoided.
./logs/02-Jan-22 14:27:23::__main__::INFO::476.0 minutes left in this search
./logs/02-Jan-22 14:27:23::__main__::DEBUG::Sleeping for 4.8
./logs/02-Jan-22 14:28:03::__main__::INFO::The button does not exist.
./logs/02-Jan-22 14:28:03::__main__::INFO::
Position 526:
 (1) Senior Database Engineer | Synchronoss Technologies | LinkedIn 
 * Doesn't have Easy Apply Button 

./logs/02-Jan-22 14:28:17::__main__::INFO::The button does not exist.
./logs/02-Jan-22 14:28:17::__main__::INFO::
Position 527:
 (1) Software Engineer - II Cloud Partnership Engineering | Confluent | LinkedIn 
 * Doesn't have Easy Apply Button 

./logs/02-Jan-22 14:28:33::__main__::INFO::The button does not exist.
./logs/02-Jan-22 14:28:33::__main__::INFO::
Position 528:
 (1) Middle Data Quality Engineer | EPAM Anywhere | LinkedIn 
 * Doesn't have Easy Apply Button 

./logs/02-Jan-22 14:28:47::__main__::INFO::The button does not exist.
./logs/02-Jan-22 14:28:47::__main__::INFO::
Position 529:
 (1) Software Engineer | Tucson Technology | LinkedIn 
 * Doesn't have Easy Apply Button 

./logs/02-Jan-22 14:29:01::__main__::INFO::The button does not exist.
./logs/02-Jan-22 14:29:01::__main__::INFO::
Position 530:
 (1) ESB Engineer | Temenos | LinkedIn 
 * Doesn't have Easy Apply Button 

./logs/02-Jan-22 14:29:17::__main__::INFO::The button does not exist.
./logs/02-Jan-22 14:29:17::__main__::INFO::
Position 531:
 (1) Software Engineer | Webmasters4SEO | LinkedIn 
 * Doesn't have Easy Apply Button 

./logs/02-Jan-22 14:29:33::__main__::INFO::The button does not exist.
./logs/02-Jan-22 14:29:33::__main__::INFO::
Position 532:
 (1) Software Engineer- Talend Developer | Optum Global Solutions | LinkedIn 
 * Doesn't have Easy Apply Button 

./logs/02-Jan-22 14:29:33::__main__::INFO::****************************************


                    Going to next jobs page, YEAAAHHH!!
                    ****************************************


./logs/02-Jan-22 14:29:42::__main__::INFO::Lock avoided.
./logs/02-Jan-22 14:30:02::__main__::INFO::473.0 minutes left in this search
./logs/02-Jan-22 14:30:02::__main__::DEBUG::Sleeping for 4.4
./logs/02-Jan-22 14:30:42::__main__::INFO::The button does not exist.
./logs/02-Jan-22 14:30:42::__main__::INFO::
Position 551:
 (1) Software Engineer | Arya.ai | LinkedIn 
 * Doesn't have Easy Apply Button 

./logs/02-Jan-22 14:31:00::__main__::INFO::The button does not exist.
./logs/02-Jan-22 14:31:00::__main__::INFO::
Position 552:
 (1) Software Engineer - ABAP | smartShift | LinkedIn 
 * Doesn't have Easy Apply Button 

./logs/02-Jan-22 14:31:13::__main__::INFO::The button does not exist.
./logs/02-Jan-22 14:31:13::__main__::INFO::
Position 553:
 (1) Solutions Engineer | Cradlepoint | LinkedIn 
 * Doesn't have Easy Apply Button 

./logs/02-Jan-22 14:31:28::__main__::INFO::The button does not exist.
./logs/02-Jan-22 14:31:28::__main__::INFO::
Position 554:
 (1) Software Engineer | Anuta Networks | LinkedIn 
 * Doesn't have Easy Apply Button 

./logs/02-Jan-22 14:31:41::__main__::INFO::The button does not exist.
./logs/02-Jan-22 14:31:41::__main__::INFO::
Position 555:
 (1) Software Engineer Python - SET | Trading Technologies | LinkedIn 
 * Doesn't have Easy Apply Button 

./logs/02-Jan-22 14:31:55::__main__::INFO::The button does not exist.
./logs/02-Jan-22 14:31:55::__main__::INFO::
Position 556:
 (1) Software Engineer Smart Cards | Orbis | LinkedIn 
 * Doesn't have Easy Apply Button 

./logs/02-Jan-22 14:32:11::__main__::INFO::The button does not exist.
./logs/02-Jan-22 14:32:11::__main__::INFO::
Position 557:
 (1) Cloud Engineer, Senior member of technical staff | Oracle | LinkedIn 
 * Doesn't have Easy Apply Button 

./logs/02-Jan-22 14:32:11::__main__::INFO::****************************************


                    Going to next jobs page, YEAAAHHH!!
                    ****************************************


./logs/02-Jan-22 14:32:19::__main__::INFO::Lock avoided.
./logs/02-Jan-22 14:32:39::__main__::INFO::471.0 minutes left in this search
./logs/02-Jan-22 14:32:39::__main__::DEBUG::Sleeping for 3.8
./logs/02-Jan-22 14:33:18::__main__::INFO::The button does not exist.
./logs/02-Jan-22 14:33:18::__main__::INFO::
Position 576:
 (1) Software Engineer In Test | Astronomer | LinkedIn 
 * Doesn't have Easy Apply Button 

./logs/02-Jan-22 14:33:34::__main__::INFO::The button does not exist.
./logs/02-Jan-22 14:33:34::__main__::INFO::
Position 577:
 (1) Software Engineer - Backend | KeepTruckin | LinkedIn 
 * Doesn't have Easy Apply Button 

./logs/02-Jan-22 14:33:53::__main__::INFO::The button does not exist.
./logs/02-Jan-22 14:33:53::__main__::INFO::
Position 578:
 (1) Big Data Developer / Lead / Architect - Looking For Immediate Joiner | Wipro | LinkedIn 
 * Doesn't have Easy Apply Button 

./logs/02-Jan-22 14:34:07::__main__::INFO::The button does not exist.
./logs/02-Jan-22 14:34:07::__main__::INFO::
Position 579:
 (1) Geotechnical Database Engineer (MDPG02 Oct2021 01) | Royal Ocean Marine Enterprise Pte Ltd | LinkedIn 
 * Doesn't have Easy Apply Button 

./logs/02-Jan-22 14:34:22::__main__::INFO::The button does not exist.
./logs/02-Jan-22 14:34:22::__main__::INFO::
Position 580:
 (1) System Engineer ED_CA | Bosch Engineering and Business Solutions | LinkedIn 
 * Doesn't have Easy Apply Button 

./logs/02-Jan-22 14:34:36::__main__::INFO::The button does not exist.
./logs/02-Jan-22 14:34:36::__main__::INFO::
Position 581:
 (1) Software Engineer Specialist - HPE GreenLake Cloud Engineering | Hewlett Packard Enterprise | LinkedIn 
 * Doesn't have Easy Apply Button 

./logs/02-Jan-22 14:34:52::__main__::INFO::The button does not exist.
./logs/02-Jan-22 14:34:52::__main__::INFO::
Position 582:
 (1) Software Engineer | Thomson Reuters | LinkedIn 
 * Doesn't have Easy Apply Button 

./logs/02-Jan-22 14:34:52::__main__::INFO::****************************************


                    Going to next jobs page, YEAAAHHH!!
                    ****************************************


./logs/02-Jan-22 14:35:01::__main__::INFO::Lock avoided.
./logs/02-Jan-22 14:35:21::__main__::INFO::468.0 minutes left in this search
./logs/02-Jan-22 14:35:21::__main__::DEBUG::Sleeping for 4.3
./logs/02-Jan-22 14:36:01::__main__::INFO::The button does not exist.
./logs/02-Jan-22 14:36:01::__main__::INFO::
Position 601:
 (2) Software Engineer C++ | ID4 Consultancy | LinkedIn 
 * Doesn't have Easy Apply Button 

./logs/02-Jan-22 14:36:14::__main__::INFO::The button does not exist.
./logs/02-Jan-22 14:36:14::__main__::INFO::
Position 602:
 (2) Software Engineer | SolarWinds | LinkedIn 
 * Doesn't have Easy Apply Button 

./logs/02-Jan-22 14:36:28::__main__::INFO::The button does not exist.
./logs/02-Jan-22 14:36:28::__main__::INFO::
Position 603:
 (2) Software Engineer | Temenos | LinkedIn 
 * Doesn't have Easy Apply Button 

./logs/02-Jan-22 14:36:41::__main__::INFO::The button does not exist.
./logs/02-Jan-22 14:36:41::__main__::INFO::
Position 604:
 (2) DevOps Engineer | Emerson | LinkedIn 
 * Doesn't have Easy Apply Button 

./logs/02-Jan-22 14:36:55::__main__::INFO::The button does not exist.
./logs/02-Jan-22 14:36:55::__main__::INFO::
Position 605:
 (2) Software Engineer | McBird Technologies | LinkedIn 
 * Doesn't have Easy Apply Button 

./logs/02-Jan-22 14:37:08::__main__::INFO::The button does not exist.
./logs/02-Jan-22 14:37:08::__main__::INFO::
Position 606:
 (2) Python Developer | Enterprise Bot | LinkedIn 
 * Doesn't have Easy Apply Button 

./logs/02-Jan-22 14:37:22::__main__::INFO::The button does not exist.
./logs/02-Jan-22 14:37:22::__main__::INFO::
Position 607:
 (2) SRE - System Engineer | PhonePe | LinkedIn 
 * Doesn't have Easy Apply Button 

./logs/02-Jan-22 14:37:22::__main__::INFO::****************************************


                    Going to next jobs page, YEAAAHHH!!
                    ****************************************


./logs/02-Jan-22 14:37:30::__main__::INFO::Lock avoided.
./logs/02-Jan-22 14:37:50::__main__::INFO::466.0 minutes left in this search
./logs/02-Jan-22 14:37:50::__main__::DEBUG::Sleeping for 3.7
./logs/02-Jan-22 14:38:31::__main__::INFO::The button does not exist.
./logs/02-Jan-22 14:38:31::__main__::INFO::
Position 626:
 (2) Software Engineer, Frontend | DoorDash | LinkedIn 
 * Doesn't have Easy Apply Button 

./logs/02-Jan-22 14:38:50::__main__::INFO::The button does not exist.
./logs/02-Jan-22 14:38:50::__main__::INFO::
Position 627:
 (2) Software Engineer | ideaForge | LinkedIn 
 * Doesn't have Easy Apply Button 

./logs/02-Jan-22 14:39:03::__main__::INFO::The button does not exist.
./logs/02-Jan-22 14:39:03::__main__::INFO::
Position 628:
 (2) Software Engineer (DevOps) | FalconX | LinkedIn 
 * Doesn't have Easy Apply Button 

./logs/02-Jan-22 14:39:16::__main__::INFO::The button does not exist.
./logs/02-Jan-22 14:39:16::__main__::INFO::
Position 629:
 (2) Software Engineer | Hyperzod Technologies Pvt Ltd | LinkedIn 
 * Doesn't have Easy Apply Button 

./logs/02-Jan-22 14:39:31::__main__::INFO::The button does not exist.
./logs/02-Jan-22 14:39:31::__main__::INFO::
Position 630:
 (2) Software Engineer, FlashBlade | Pure Storage | LinkedIn 
 * Doesn't have Easy Apply Button 

./logs/02-Jan-22 14:39:51::__main__::INFO::The button does not exist.
./logs/02-Jan-22 14:39:51::__main__::INFO::
Position 631:
 (2) Software Engineer | Webmasters4SEO | LinkedIn 
 * Doesn't have Easy Apply Button 

./logs/02-Jan-22 14:40:04::__main__::INFO::The button does not exist.
./logs/02-Jan-22 14:40:04::__main__::INFO::
Position 632:
 (2) Software Engineer | Harns Technologies PVT LTD | LinkedIn 
 * Doesn't have Easy Apply Button 

./logs/02-Jan-22 14:40:04::__main__::INFO::****************************************


                    Going to next jobs page, YEAAAHHH!!
                    ****************************************


./logs/02-Jan-22 14:40:11::__main__::INFO::Lock avoided.
./logs/02-Jan-22 14:40:32::__main__::INFO::463.0 minutes left in this search
./logs/02-Jan-22 14:40:32::__main__::DEBUG::Sleeping for 4.0
./logs/02-Jan-22 14:41:11::__main__::INFO::The button does not exist.
./logs/02-Jan-22 14:41:11::__main__::INFO::
Position 651:
 (2) Software Engineer, Aurea Software (Remote) - $60,000/year USD | Crossover for Work | LinkedIn 
 * Doesn't have Easy Apply Button 

./logs/02-Jan-22 14:41:24::__main__::INFO::The button does not exist.
./logs/02-Jan-22 14:41:24::__main__::INFO::
Position 652:
 (2) Software Engineer | emvirt IoT Edge | LinkedIn 
 * Doesn't have Easy Apply Button 

./logs/02-Jan-22 14:41:38::__main__::INFO::The button does not exist.
./logs/02-Jan-22 14:41:38::__main__::INFO::
Position 653:
 (2) Software Engineer | Tata Consultancy Services | LinkedIn 
 * Doesn't have Easy Apply Button 

./logs/02-Jan-22 14:41:52::__main__::INFO::The button does not exist.
./logs/02-Jan-22 14:41:52::__main__::INFO::
Position 654:
 (2) Associate System Engineer | Sapaad Pte Ltd | LinkedIn 
 * Doesn't have Easy Apply Button 

./logs/02-Jan-22 14:42:06::__main__::INFO::The button does not exist.
./logs/02-Jan-22 14:42:06::__main__::INFO::
Position 655:
 (2) Software Support Engineer, Aurea Software (Remote) - $60,000/year USD | Crossover for Work | LinkedIn 
 * Doesn't have Easy Apply Button 

./logs/02-Jan-22 14:42:25::__main__::INFO::The button does not exist.
./logs/02-Jan-22 14:42:25::__main__::INFO::
Position 656:
 (2) Software Engineer, FlashBlade | Pure Storage | LinkedIn 
 * Doesn't have Easy Apply Button 

./logs/02-Jan-22 14:42:40::__main__::INFO::The button does not exist.
./logs/02-Jan-22 14:42:40::__main__::INFO::
Position 657:
 (2) Software Engineer - Site Reliability Engineer | Siemens | LinkedIn 
 * Doesn't have Easy Apply Button 

./logs/02-Jan-22 14:42:40::__main__::INFO::****************************************


                    Going to next jobs page, YEAAAHHH!!
                    ****************************************


./logs/02-Jan-22 14:42:48::__main__::INFO::Lock avoided.
./logs/02-Jan-22 14:43:08::__main__::INFO::460.0 minutes left in this search
./logs/02-Jan-22 14:43:08::__main__::DEBUG::Sleeping for 3.5
./logs/02-Jan-22 14:43:50::__main__::INFO::The button does not exist.
./logs/02-Jan-22 14:43:50::__main__::INFO::
Position 676:
 (2) Software Engineer | Tekion Corp | LinkedIn 
 * Doesn't have Easy Apply Button 

./logs/02-Jan-22 14:44:05::__main__::INFO::The button does not exist.
./logs/02-Jan-22 14:44:05::__main__::INFO::
Position 677:
 (2) Software Engineer, Trilogy (Remote) - $100,000/year USD | Crossover for Work | LinkedIn 
 * Doesn't have Easy Apply Button 

./logs/02-Jan-22 14:44:18::__main__::INFO::The button does not exist.
./logs/02-Jan-22 14:44:18::__main__::INFO::
Position 678:
 (2) Software Engineer 1 | Epsilon India | LinkedIn 
 * Doesn't have Easy Apply Button 

./logs/02-Jan-22 14:44:32::__main__::INFO::The button does not exist.
./logs/02-Jan-22 14:44:32::__main__::INFO::
Position 679:
 (2) Software Engineer | Wishtree Technologies | LinkedIn 
 * Doesn't have Easy Apply Button 

./logs/02-Jan-22 14:44:45::__main__::INFO::The button does not exist.
./logs/02-Jan-22 14:44:45::__main__::INFO::
Position 680:
 (2) Software Support Engineer, Aurea Software (Remote) - $60,000/year USD | Crossover for Work | LinkedIn 
 * Doesn't have Easy Apply Button 

./logs/02-Jan-22 14:44:59::__main__::INFO::The button does not exist.
./logs/02-Jan-22 14:44:59::__main__::INFO::
Position 681:
 (2) Software Engineer - Application Support(Linux) | Zycus | LinkedIn 
 * Doesn't have Easy Apply Button 

./logs/02-Jan-22 14:45:12::__main__::INFO::The button does not exist.
./logs/02-Jan-22 14:45:12::__main__::INFO::
Position 682:
 (2) Software Development Engineer ( Site Reliability Engineering Team) | ZEE - Technology & Innovation | LinkedIn 
 * Doesn't have Easy Apply Button 

./logs/02-Jan-22 14:45:12::__main__::INFO::****************************************


                    Going to next jobs page, YEAAAHHH!!
                    ****************************************


./logs/02-Jan-22 14:45:22::__main__::INFO::Lock avoided.
./logs/02-Jan-22 14:45:43::__main__::INFO::458.0 minutes left in this search
./logs/02-Jan-22 14:45:43::__main__::DEBUG::Sleeping for 3.9
./logs/02-Jan-22 14:46:24::__main__::INFO::The button does not exist.
./logs/02-Jan-22 14:46:24::__main__::INFO::
Position 701:
 (2) Software Engineer, Bloom Institute of Technology (BloomTech) (Remote) - $120,000/year USD | Crossover for Work | LinkedIn 
 * Doesn't have Easy Apply Button 

./logs/02-Jan-22 14:46:38::__main__::INFO::The button does not exist.
./logs/02-Jan-22 14:46:38::__main__::INFO::
Position 702:
 (2) AWS Developer | Hachion | LinkedIn 
 * Doesn't have Easy Apply Button 

./logs/02-Jan-22 14:46:53::__main__::INFO::The button does not exist.
./logs/02-Jan-22 14:46:53::__main__::INFO::
Position 703:
 (2) Software Engineer, Trilogy (Remote) - $100,000/year USD | Crossover for Work | LinkedIn 
 * Doesn't have Easy Apply Button 

./logs/02-Jan-22 14:47:07::__main__::INFO::The button does not exist.
./logs/02-Jan-22 14:47:07::__main__::INFO::
Position 704:
 (2) Software Engineer, Bloom Institute of Technology (BloomTech) (Remote) - $120,000/year USD | Crossover for Work | LinkedIn 
 * Doesn't have Easy Apply Button 

./logs/02-Jan-22 14:47:20::__main__::INFO::The button does not exist.
./logs/02-Jan-22 14:47:20::__main__::INFO::
Position 705:
 (2) Software Development Engineer | Adobe | LinkedIn 
 * Doesn't have Easy Apply Button 

./logs/02-Jan-22 14:47:36::__main__::INFO::The button does not exist.
./logs/02-Jan-22 14:47:36::__main__::INFO::
Position 706:
 (2) Software Engineer | Altruista Health | LinkedIn 
 * Doesn't have Easy Apply Button 

./logs/02-Jan-22 14:47:51::__main__::INFO::The button does not exist.
./logs/02-Jan-22 14:47:51::__main__::INFO::
Position 707:
 (2) Software Engineer | Teranet Inc. | LinkedIn 
 * Doesn't have Easy Apply Button 

./logs/02-Jan-22 14:47:51::__main__::INFO::****************************************


                    Going to next jobs page, YEAAAHHH!!
                    ****************************************


./logs/02-Jan-22 14:47:59::__main__::INFO::Lock avoided.
./logs/02-Jan-22 14:48:19::__main__::INFO::455.0 minutes left in this search
./logs/02-Jan-22 14:48:19::__main__::DEBUG::Sleeping for 4.9
./logs/02-Jan-22 14:49:00::__main__::INFO::The button does not exist.
./logs/02-Jan-22 14:49:00::__main__::INFO::
Position 726:
 (2) Software Engineer, Trilogy (Remote) - $200,000/year USD | Crossover for Work | LinkedIn 
 * Doesn't have Easy Apply Button 

./logs/02-Jan-22 14:49:15::__main__::INFO::The button does not exist.
./logs/02-Jan-22 14:49:15::__main__::INFO::
Position 727:
 (2) Senior Azure Cloud Engineer | Pristine Infotech, Inc. | LinkedIn 
 * Doesn't have Easy Apply Button 

./logs/02-Jan-22 14:49:29::__main__::INFO::The button does not exist.
./logs/02-Jan-22 14:49:29::__main__::INFO::
Position 728:
 (2) C++ Software Engineer | Applicantz | LinkedIn 
 * Doesn't have Easy Apply Button 

./logs/02-Jan-22 14:49:45::__main__::INFO::The button does not exist.
./logs/02-Jan-22 14:49:45::__main__::INFO::
Position 729:
 (2) Software Engineer | Equity Data Science | LinkedIn 
 * Doesn't have Easy Apply Button 

./logs/02-Jan-22 14:49:58::__main__::INFO::The button does not exist.
./logs/02-Jan-22 14:49:58::__main__::INFO::
Position 730:
 (2) Software Engineer | Juniper Networks | LinkedIn 
 * Doesn't have Easy Apply Button 

./logs/02-Jan-22 14:50:14::__main__::INFO::The button does not exist.
./logs/02-Jan-22 14:50:14::__main__::INFO::
Position 731:
 (2) Software Engineer | GoiMedia | LinkedIn 
 * Doesn't have Easy Apply Button 

./logs/02-Jan-22 14:50:30::__main__::INFO::The button does not exist.
./logs/02-Jan-22 14:50:30::__main__::INFO::
Position 732:
 (2) Software Engineer | Jalan Technology Consulting (JTC) | LinkedIn 
 * Doesn't have Easy Apply Button 

./logs/02-Jan-22 14:50:30::__main__::INFO::****************************************


                    Going to next jobs page, YEAAAHHH!!
                    ****************************************


./logs/02-Jan-22 14:50:40::__main__::INFO::Lock avoided.
./logs/02-Jan-22 14:51:00::__main__::INFO::452.0 minutes left in this search
./logs/02-Jan-22 14:51:00::__main__::DEBUG::Sleeping for 4.6
./logs/02-Jan-22 14:51:41::__main__::INFO::The button does not exist.
./logs/02-Jan-22 14:51:41::__main__::INFO::
Position 751:
 (2) Software Engineer, Trilogy (Remote) - $30,000/year USD | Crossover for Work | LinkedIn 
 * Doesn't have Easy Apply Button 

./logs/02-Jan-22 14:51:55::__main__::INFO::The button does not exist.
./logs/02-Jan-22 14:51:55::__main__::INFO::
Position 752:
 (2) Software Engineer, Trilogy (Remote) - $100,000/year USD | Crossover for Work | LinkedIn 
 * Doesn't have Easy Apply Button 

./logs/02-Jan-22 14:52:09::__main__::INFO::The button does not exist.
./logs/02-Jan-22 14:52:09::__main__::INFO::
Position 753:
 (2) Software Engineer, Trilogy (Remote) - $100,000/year USD | Crossover for Work | LinkedIn 
 * Doesn't have Easy Apply Button 

./logs/02-Jan-22 14:52:26::__main__::INFO::The button does not exist.
./logs/02-Jan-22 14:52:26::__main__::INFO::
Position 754:
 (2) Software Engineer, Trilogy (Remote) - $200,000/year USD | Crossover for Work | LinkedIn 
 * Doesn't have Easy Apply Button 

./logs/02-Jan-22 14:52:41::__main__::INFO::The button does not exist.
./logs/02-Jan-22 14:52:41::__main__::INFO::
Position 755:
 (2) Software Engineer, Trilogy (Remote) - $100,000/year USD | Crossover for Work | LinkedIn 
 * Doesn't have Easy Apply Button 

./logs/02-Jan-22 14:52:57::__main__::INFO::The button does not exist.
./logs/02-Jan-22 14:52:57::__main__::INFO::
Position 756:
 (2) Software Engineer - Python - 231121 | SirionLabs | LinkedIn 
 * Doesn't have Easy Apply Button 

./logs/02-Jan-22 14:53:11::__main__::INFO::The button does not exist.
./logs/02-Jan-22 14:53:11::__main__::INFO::
Position 757:
 (2) Software Engineer C++ - FIX Connectivity | Trading Technologies | LinkedIn 
 * Doesn't have Easy Apply Button 

./logs/02-Jan-22 14:53:11::__main__::INFO::****************************************


                    Going to next jobs page, YEAAAHHH!!
                    ****************************************


./logs/02-Jan-22 14:53:19::__main__::INFO::Lock avoided.
./logs/02-Jan-22 14:53:39::__main__::INFO::450.0 minutes left in this search
./logs/02-Jan-22 14:53:39::__main__::DEBUG::Sleeping for 4.7
./logs/02-Jan-22 14:54:19::__main__::INFO::The button does not exist.
./logs/02-Jan-22 14:54:19::__main__::INFO::
Position 776:
 (2) Software Engineer, Core Platform (Backend) | Poshmark | LinkedIn 
 * Doesn't have Easy Apply Button 

./logs/02-Jan-22 14:54:34::__main__::INFO::The button does not exist.
./logs/02-Jan-22 14:54:34::__main__::INFO::
Position 777:
 (2) Software Engineer - Remedy Developer (1 - 6 years) (Pune+134695) | Amdocs | LinkedIn 
 * Doesn't have Easy Apply Button 

./logs/02-Jan-22 14:54:48::__main__::INFO::The button does not exist.
./logs/02-Jan-22 14:54:48::__main__::INFO::
Position 778:
 (2) Software Engineer, Trilogy (Remote) - $30,000/year USD | Crossover for Work | LinkedIn 
 * Doesn't have Easy Apply Button 

./logs/02-Jan-22 14:55:04::__main__::INFO::The button does not exist.
./logs/02-Jan-22 14:55:04::__main__::INFO::
Position 779:
 (2) Software Engineer - Backend | Egnyte | LinkedIn 
 * Doesn't have Easy Apply Button 

./logs/02-Jan-22 14:55:18::__main__::INFO::The button does not exist.
./logs/02-Jan-22 14:55:18::__main__::INFO::
Position 780:
 (2) Software Engineer, Aurea Software (Remote) - $60,000/year USD | Crossover for Work | LinkedIn 
 * Doesn't have Easy Apply Button 

./logs/02-Jan-22 14:55:32::__main__::INFO::The button does not exist.
./logs/02-Jan-22 14:55:32::__main__::INFO::
Position 781:
 (2) Azure SQL Database/software engineer | eTeam | LinkedIn 
 * Doesn't have Easy Apply Button 

./logs/02-Jan-22 14:55:32::__main__::INFO::****************************************


                    Going to next jobs page, YEAAAHHH!!
                    ****************************************


./logs/02-Jan-22 14:55:42::__main__::INFO::Lock avoided.
./logs/02-Jan-22 14:56:02::__main__::INFO::447.0 minutes left in this search
./logs/02-Jan-22 14:56:02::__main__::DEBUG::Sleeping for 3.9
./logs/02-Jan-22 14:56:41::__main__::INFO::The button does not exist.
./logs/02-Jan-22 14:56:41::__main__::INFO::
Position 801:
 (2) Software Development Engineer | Adobe | LinkedIn 
 * Doesn't have Easy Apply Button 

./logs/02-Jan-22 14:56:55::__main__::INFO::The button does not exist.
./logs/02-Jan-22 14:56:55::__main__::INFO::
Position 802:
 (2) Software Engineer - JAVA\Big Data | Zycus | LinkedIn 
 * Doesn't have Easy Apply Button 

./logs/02-Jan-22 14:57:10::__main__::INFO::The button does not exist.
./logs/02-Jan-22 14:57:10::__main__::INFO::
Position 803:
 (2) Software Engineer | TalentWeavers | LinkedIn 
 * Doesn't have Easy Apply Button 

./logs/02-Jan-22 14:57:27::__main__::INFO::The button does not exist.
./logs/02-Jan-22 14:57:27::__main__::INFO::
Position 804:
 (2) Cloud System Engineer, Associate | Infor | LinkedIn 
 * Doesn't have Easy Apply Button 

./logs/02-Jan-22 14:57:41::__main__::INFO::The button does not exist.
./logs/02-Jan-22 14:57:41::__main__::INFO::
Position 805:
 (2) Software Engineer-I | Adobe | LinkedIn 
 * Doesn't have Easy Apply Button 

./logs/02-Jan-22 14:57:54::__main__::INFO::The button does not exist.
./logs/02-Jan-22 14:57:54::__main__::INFO::
Position 806:
 (2) Software Engineer | Magnitude Software | LinkedIn 
 * Doesn't have Easy Apply Button 

./logs/02-Jan-22 14:58:10::__main__::INFO::The button does not exist.
./logs/02-Jan-22 14:58:10::__main__::INFO::
Position 807:
 (2) Software Development Engineer in Test | Groww, India | LinkedIn 
 * Doesn't have Easy Apply Button 

./logs/02-Jan-22 14:58:10::__main__::INFO::****************************************


                    Going to next jobs page, YEAAAHHH!!
                    ****************************************


./logs/02-Jan-22 14:58:18::__main__::INFO::Lock avoided.
./logs/02-Jan-22 14:58:38::__main__::INFO::445.0 minutes left in this search
./logs/02-Jan-22 14:58:38::__main__::DEBUG::Sleeping for 4.5
./logs/02-Jan-22 14:59:21::__main__::INFO::The button does not exist.
./logs/02-Jan-22 14:59:21::__main__::INFO::
Position 826:
 (2) Software Engineer, Virtasant (Remote) - $60,000/year USD | Crossover for Work | LinkedIn 
 * Doesn't have Easy Apply Button 

./logs/02-Jan-22 14:59:37::__main__::INFO::The button does not exist.
./logs/02-Jan-22 14:59:37::__main__::INFO::
Position 827:
 (2) Software Engineer, Backend | Plentina - Buy Now, Pay Later | LinkedIn 
 * Doesn't have Easy Apply Button 

./logs/02-Jan-22 14:59:51::__main__::INFO::The button does not exist.
./logs/02-Jan-22 14:59:52::__main__::INFO::
Position 828:
 (2) Software Development Engineer (DC AI) | Adobe | LinkedIn 
 * Doesn't have Easy Apply Button 

./logs/02-Jan-22 15:00:07::__main__::INFO::The button does not exist.
./logs/02-Jan-22 15:00:07::__main__::INFO::
Position 829:
 (2) Software Engineer | UST | LinkedIn 
 * Doesn't have Easy Apply Button 

./logs/02-Jan-22 15:00:21::__main__::INFO::The button does not exist.
./logs/02-Jan-22 15:00:21::__main__::INFO::
Position 830:
 (2) AWS Engineer, Trilogy (Remote) - $100,000/year USD | Crossover for Work | LinkedIn 
 * Doesn't have Easy Apply Button 

./logs/02-Jan-22 15:00:35::__main__::INFO::The button does not exist.
./logs/02-Jan-22 15:00:35::__main__::INFO::
Position 831:
 (2) Software Engineer | People Interactive | LinkedIn 
 * Doesn't have Easy Apply Button 

./logs/02-Jan-22 15:00:50::__main__::INFO::The button does not exist.
./logs/02-Jan-22 15:00:50::__main__::INFO::
Position 832:
 (2) Software Engineer | Juniper Networks | LinkedIn 
 * Doesn't have Easy Apply Button 

./logs/02-Jan-22 15:00:50::__main__::INFO::****************************************


                    Going to next jobs page, YEAAAHHH!!
                    ****************************************


./logs/02-Jan-22 15:00:58::__main__::INFO::Lock avoided.
./logs/02-Jan-22 15:01:18::__main__::INFO::442.0 minutes left in this search
./logs/02-Jan-22 15:01:18::__main__::DEBUG::Sleeping for 4.7
./logs/02-Jan-22 15:01:58::__main__::INFO::The button does not exist.
./logs/02-Jan-22 15:01:58::__main__::INFO::
Position 851:
 (2) Software Engineer II | Infoblox | LinkedIn 
 * Doesn't have Easy Apply Button 

./logs/02-Jan-22 15:02:22::__main__::INFO::The button does not exist.
./logs/02-Jan-22 15:02:22::__main__::INFO::
Position 852:
 (2) Data Analyst | Ani Technologies Private Limited(Ola Cabs.Com) | LinkedIn 
 * Doesn't have Easy Apply Button 

./logs/02-Jan-22 15:02:37::__main__::INFO::The button does not exist.
./logs/02-Jan-22 15:02:37::__main__::INFO::
Position 853:
 (2) Software Engineer | FireEye, Inc. | LinkedIn 
 * Doesn't have Easy Apply Button 

./logs/02-Jan-22 15:02:52::__main__::INFO::The button does not exist.
./logs/02-Jan-22 15:02:52::__main__::INFO::
Position 854:
 (2) Data Analyst 2 | Epsilon India | LinkedIn 
 * Doesn't have Easy Apply Button 

./logs/02-Jan-22 15:03:05::__main__::INFO::The button does not exist.
./logs/02-Jan-22 15:03:05::__main__::INFO::
Position 855:
 (2) Software Engineer | Rapid Hiring Solutions Inc | LinkedIn 
 * Doesn't have Easy Apply Button 

./logs/02-Jan-22 15:03:18::__main__::INFO::The button does not exist.
./logs/02-Jan-22 15:03:18::__main__::INFO::
Position 856:
 (2) Software Engineer | Collabera Technologies | LinkedIn 
 * Doesn't have Easy Apply Button 

./logs/02-Jan-22 15:03:33::__main__::INFO::The button does not exist.
./logs/02-Jan-22 15:03:33::__main__::INFO::
Position 857:
 (2) Software Engineer | Integrated Personnel Services Limited | LinkedIn 
 * Doesn't have Easy Apply Button 

./logs/02-Jan-22 15:03:33::__main__::INFO::****************************************


                    Going to next jobs page, YEAAAHHH!!
                    ****************************************


./logs/02-Jan-22 15:03:44::__main__::INFO::Lock avoided.
./logs/02-Jan-22 15:04:04::__main__::INFO::439.0 minutes left in this search
./logs/02-Jan-22 15:04:04::__main__::DEBUG::Sleeping for 3.8
./logs/02-Jan-22 15:04:43::__main__::INFO::The button does not exist.
./logs/02-Jan-22 15:04:43::__main__::INFO::
Position 876:
 (2) Software Engineer I | Infoblox | LinkedIn 
 * Doesn't have Easy Apply Button 

./logs/02-Jan-22 15:04:59::__main__::INFO::The button does not exist.
./logs/02-Jan-22 15:04:59::__main__::INFO::
Position 877:
 (2) Associate Software Engineer | Magnitude Software | LinkedIn 
 * Doesn't have Easy Apply Button 

./logs/02-Jan-22 15:05:15::__main__::INFO::The button does not exist.
./logs/02-Jan-22 15:05:15::__main__::INFO::
Position 878:
 (2) Software Engineer | OneClick Technologies | LinkedIn 
 * Doesn't have Easy Apply Button 

./logs/02-Jan-22 15:05:29::__main__::INFO::The button does not exist.
./logs/02-Jan-22 15:05:29::__main__::INFO::
Position 879:
 (2) Software Engineer (Python/Java/Golang) | KNOREX | LinkedIn 
 * Doesn't have Easy Apply Button 

./logs/02-Jan-22 15:05:43::__main__::INFO::The button does not exist.
./logs/02-Jan-22 15:05:43::__main__::INFO::
Position 880:
 (2) Senior Engineer - Data Management | Eaton | LinkedIn 
 * Doesn't have Easy Apply Button 

./logs/02-Jan-22 15:05:58::__main__::INFO::The button does not exist.
./logs/02-Jan-22 15:05:58::__main__::INFO::
Position 881:
 (2) Software Engineer In Test | AFour Technologies | LinkedIn 
 * Doesn't have Easy Apply Button 

./logs/02-Jan-22 15:06:14::__main__::INFO::The button does not exist.
./logs/02-Jan-22 15:06:14::__main__::INFO::
Position 882:
 (2) Associate Software Engineer, Trilogy (Remote) - $60,000/year USD | Crossover for Work | LinkedIn 
 * Doesn't have Easy Apply Button 

./logs/02-Jan-22 15:06:14::__main__::INFO::****************************************


                    Going to next jobs page, YEAAAHHH!!
                    ****************************************


./logs/02-Jan-22 15:06:25::__main__::INFO::Lock avoided.
./logs/02-Jan-22 15:06:45::__main__::INFO::437.0 minutes left in this search
./logs/02-Jan-22 15:06:45::__main__::DEBUG::Sleeping for 4.8
./logs/02-Jan-22 15:07:11::__main__::INFO::Applying to Data engineer: Singapore
./logs/02-Jan-22 15:07:11::__main__::INFO::Looking for jobs.. Please wait..
