./logs/02-Jan-22 02:42:47::__main__::INFO::{'positions': ['Data engineer', None, None], 'locations': ['CANADA', 'India', 'UNITED STATES', 'Netherlands', 'Singapore', 'Germany', 'spain', {'Resume': '/media/linux/New Volume/Resume/Rahul_DE_1221.doc', 'Cover Letter': '/media/linux/New Volume/Resume/Rahul_DE_1221.doc'}]}
./logs/02-Jan-22 02:42:47::__main__::INFO::Welcome to Easy Apply Bot
./logs/02-Jan-22 02:42:47::__main__::INFO::current directory is : /media./logs/02-Jan-22 02:42:48::__main__::INFO::0 ./logs/02-Jan./logs/02-Jan-22 02:42:48::__main__::INFO::Logging in.....Please wait :)  
./logs/02-Jan-22 02:43:15::__main__::INFO::Applying to Data enginee./logs/02-Jan-22 02:43:15::__main__::INFO::Applying to Data engineer: spain
./logs/02-Jan-22 ./logs/02-Jan-22 02:43:27::__main__::INFO::Lock avoided.
./logs/02-Jan-22 02:43:47::__main__::INFO::Looking for jobs./logs/02-Jan-22 02:43:47::__main__::INFO::Looking for jobs.. Please wait..
./logs/02-Jan-22 02:43:47::__main__::INFO::599.0 minutes left in this search
././logs/02-Jan-22 02:44:37::__main__::./logs/02-Jan-22 02:44:37::__main__::INFO::Clicking the EASY apply button
./logs/02-Jan-22 02:44:48::__main__::INFO::Could not complete submission
./logs/02-Jan-22 02:44:50:./logs/02-Jan-22 02:44:52::__main__::INFO::Clicking the EASY apply button
./logs/02-Jan-22 02:45:03::__m./logs/02-Jan-22 02:45:04::__main__::INFO::./logs/02-Jan-22 02:45:06::__ma./logs/02-Jan-22 02:45:15::__main__::INFO::Could not complete submission
./logs/02-Jan-22 02:45:18::__mai./logs/02-Jan-22 02:45:20::__main__::INFO::Clicking the EASY apply button
./logs/02-Jan-22 02:45:33::__main__::INFO::Could not complete submission
./logs/02-Jan-./logs/02-Jan-22 02:45:45::__main__::INFO::Could not complete submission
./logs/02-Jan-22 02:45:46::__main__::INFO::
Position 3:./logs/02-Jan-22 02:45:50::__main__::INFO::Clicking the EASY app./logs/02-./logs/02-Jan-22 02:46:02::__main__::INFO::Could not complete su./logs/02-Jan-22 02:46:15::__main__::INFO::Application Submitted
./logs/02-Jan-22 02:46:17::__main__::INFO::
Position 4:
 (8) Senior Data Engineer | ./logs/02-Jan-22 02:46:18::__main__::INFO::The butto./logs/02-Jan-22 02:46:32::__main__::INFO::Clicking the EASY apply button
./logs/02-Jan-22 02:46:46::__main__::INFO::Application Submitted
./logs/02-Jan-22 02:46:48::__main__::INFO::
Position 5:
 (8) Senior Data Engineer | Alignity Consulting | LinkedIn 
 * has Easy Apply Button 

./logs/02-Jan-22 02:47:02::__main__::INFO::Clicking the EASY apply button
./logs/02-Jan-22 02:47:10::__main__::INFO::Application Submitted
./logs/02-Jan-22 02:47:11::__main__::INFO::
Position 6:
 (8) Sr Data Engineer | Xebia | LinkedIn 
 * has Easy Apply Button 

./logs/02-Jan-22 02:47:26::__main__::INFO::Clicking the EASY apply button
./logs/02-Jan-22 02:47:39::__main__::INFO::Application Submitted
./logs/02-Jan-22 02:47:41::__main__::INFO::
Position 7:
 (8) Senior Data Engineer | Kagool | LinkedIn 
 * has Easy Apply Button 

./logs/02-Jan-22 02:47:55::__main__::INFO::Clicking the EASY apply button
./logs/02-Jan-22 02:48:03::__main__::INFO::Application Submitted
./logs/02-Jan-22 02:48:05::__main__::INFO::
Position 8:
 (8) Data Engineer (Lead/Senior) | Velotio Technologies | LinkedIn 
 * has Easy Apply Button 

./logs/02-Jan-22 02:48:19::__main__::INFO::Clicking the EASY apply button
./logs/02-Jan-22 02:48:34::__main__::INFO::Application Submitted
./logs/02-Jan-22 02:48:36::__main__::INFO::
Position 9:
 (8) Senior Data Engineer | Quadratyx | LinkedIn 
 * has Easy Apply Button 

./logs/02-Jan-22 02:48:50::__main__::INFO::Clicking the EASY apply button
./logs/02-Jan-22 02:49:02::__main__::INFO::Could not complete submission
./logs/02-Jan-22 02:49:05::__main__::INFO::
Position 10:
 (8) Azure Data Engineer (multiple locations) | Xoriant | LinkedIn 
 * has Easy Apply Button 

./logs/02-Jan-22 02:49:19::__main__::INFO::Clicking the EASY apply button
./logs/02-Jan-22 02:49:26::__main__::INFO::Application Submitted
./logs/02-Jan-22 02:49:28::__main__::INFO::
Position 11:
 (8) Senior Data Engineer | 3-5 Years | Bengaluru or Gurugram | Xtage | LinkedIn 
 * has Easy Apply Button 

./logs/02-Jan-22 02:49:43::__main__::INFO::Clicking the EASY apply button
./logs/02-Jan-22 02:49:56::__main__::INFO::Could not complete submission
./logs/02-Jan-22 02:49:58::__main__::INFO::
Position 12:
 (8) Data Engineer with Python, SQL and Cloud(GCP/AWS) | Affine | LinkedIn 
 * has Easy Apply Button 

./logs/02-Jan-22 02:50:13::__main__::INFO::Clicking the EASY apply button
./logs/02-Jan-22 02:50:19::__main__::INFO::Application Submitted
./logs/02-Jan-22 02:50:22::__main__::INFO::
Position 13:
 (8) Data Engineer | Maximus Global Consulting Services LLP | LinkedIn 
 * has Easy Apply Button 

./logs/02-Jan-22 02:50:36::__main__::INFO::Clicking the EASY apply button
./logs/02-Jan-22 02:50:49::__main__::INFO::Could not complete submission
./logs/02-Jan-22 02:50:51::__main__::INFO::
Position 14:
 (8) Data Engineer | 5x | LinkedIn 
 * has Easy Apply Button 

./logs/02-Jan-22 02:51:06::__main__::INFO::Clicking the EASY apply button
./logs/02-Jan-22 02:51:20::__main__::INFO::Application Submitted
./logs/02-Jan-22 02:51:22::__main__::INFO::
Position 15:
 (8) Senior Data Engineer | MyGlamm | Good Glamm Group | LinkedIn 
 * has Easy Apply Button 

./logs/02-Jan-22 02:51:37::__main__::INFO::Clicking the EASY apply button
./logs/02-Jan-22 02:51:51::__main__::INFO::Application Submitted
./logs/02-Jan-22 02:51:53::__main__::INFO::
Position 16:
 (8) Data Engineer | Nisum | LinkedIn 
 * has Easy Apply Button 

./logs/02-Jan-22 02:52:07::__main__::INFO::Clicking the EASY apply button
./logs/02-Jan-22 02:52:19::__main__::INFO::Application Submitted
./logs/02-Jan-22 02:52:21::__main__::INFO::
Position 17:
 (8) Data Engineer | BuzzClan | LinkedIn 
 * has Easy Apply Button 

./logs/02-Jan-22 02:52:36::__main__::INFO::Clicking the EASY apply button
./logs/02-Jan-22 02:52:53::__main__::INFO::Application Submitted
./logs/02-Jan-22 02:52:54::__main__::INFO::
Position 18:
 (8) Senior Data Engineer | Course5i | LinkedIn 
 * has Easy Apply Button 

./logs/02-Jan-22 02:53:09::__main__::INFO::Clicking the EASY apply button
./logs/02-Jan-22 02:53:23::__main__::INFO::Application Submitted
./logs/02-Jan-22 02:53:26::__main__::INFO::
Position 19:
 (8) CIS - Big Data Engineer - Hyderabad | Experian | LinkedIn 
 * has Easy Apply Button 

./logs/02-Jan-22 02:53:40::__main__::INFO::Clicking the EASY apply button
./logs/02-Jan-22 02:53:48::__main__::INFO::Application Submitted
./logs/02-Jan-22 02:53:50::__main__::INFO::
Position 20:
 (8) Lead Data Engineer | Rapido | LinkedIn 
 * has Easy Apply Button 

./logs/02-Jan-22 02:53:50::__main__::INFO::********count_application: 20************


                                Time for a nap - see you in:8 min
                            ****************************************


./logs/02-Jan-22 03:02:50::__main__::INFO::Clicking the EASY apply button
./logs/02-Jan-22 03:03:02::__main__::INFO::Could not complete submission
./logs/02-Jan-22 03:03:04::__main__::INFO::
Position 21:
 (8) Data Engineer | 5x | LinkedIn 
 * has Easy Apply Button 

./logs/02-Jan-22 03:03:18::__main__::INFO::Clicking the EASY apply button
./logs/02-Jan-22 03:03:33::__main__::INFO::Application Submitted
./logs/02-Jan-22 03:03:34::__main__::INFO::
Position 22:
 (8) Sr data engineer | SA Technologies Inc. | LinkedIn 
 * has Easy Apply Button 

./logs/02-Jan-22 03:03:49::__main__::INFO::Clicking the EASY apply button
./logs/02-Jan-22 03:04:02::__main__::INFO::Could not complete submission
./logs/02-Jan-22 03:04:04::__main__::INFO::
Position 23:
 (8) Data Engineer | Fornax | LinkedIn 
 * has Easy Apply Button 

./logs/02-Jan-22 03:04:18::__main__::INFO::Clicking the EASY apply button
./logs/02-Jan-22 03:04:29::__main__::INFO::Application Submitted
./logs/02-Jan-22 03:04:31::__main__::INFO::
Position 24:
 (8) Lead Data Engineer [T500-2353] | Walmart Global Tech India | LinkedIn 
 * has Easy Apply Button 

./logs/02-Jan-22 03:04:46::__main__::INFO::Clicking the EASY apply button
./logs/02-Jan-22 03:04:58::__main__::INFO::Application Submitted
./logs/02-Jan-22 03:05:00::__main__::INFO::
Position 25:
 (8) Big Data Developer | Tata Consultancy Services | LinkedIn 
 * has Easy Apply Button 

./logs/02-Jan-22 03:05:00::__main__::INFO::****************************************


                    Going to next jobs page, YEAAAHHH!!
                    ****************************************


./logs/02-Jan-22 03:05:08::__main__::INFO::Lock avoided.
./logs/02-Jan-22 03:05:28::__main__::INFO::577.0 minutes left in this search
./logs/02-Jan-22 03:05:28::__main__::DEBUG::Sleeping for 4.6
./logs/02-Jan-22 03:06:09::__main__::INFO::Clicking the EASY apply button
./logs/02-Jan-22 03:06:22::__main__::INFO::Application Submitted
./logs/02-Jan-22 03:06:24::__main__::INFO::
Position 26:
 (8) Data Engineer | DISH Network | LinkedIn 
 * has Easy Apply Button 

./logs/02-Jan-22 03:06:40::__main__::INFO::Clicking the EASY apply button
./logs/02-Jan-22 03:06:51::__main__::INFO::Could not complete submission
./logs/02-Jan-22 03:06:53::__main__::INFO::
Position 27:
 (8) Senior Data Engineer | DataGrokr | LinkedIn 
 * has Easy Apply Button 

./logs/02-Jan-22 03:07:08::__main__::INFO::Clicking the EASY apply button
./logs/02-Jan-22 03:07:20::__main__::INFO::Application Submitted
./logs/02-Jan-22 03:07:22::__main__::INFO::
Position 28:
 (8) Data Engineer - Kafka [T500-1828] | Advance Auto Parts | LinkedIn 
 * has Easy Apply Button 

./logs/02-Jan-22 03:07:36::__main__::INFO::Clicking the EASY apply button
./logs/02-Jan-22 03:07:44::__main__::INFO::Application Submitted
./logs/02-Jan-22 03:07:46::__main__::INFO::
Position 29:
 (8) Senior Data Engineer | Atgeir Solutions | LinkedIn 
 * has Easy Apply Button 

./logs/02-Jan-22 03:08:01::__main__::INFO::Clicking the EASY apply button
./logs/02-Jan-22 03:08:09::__main__::INFO::Application Submitted
./logs/02-Jan-22 03:08:11::__main__::INFO::
Position 30:
 (8) Senior Data Engineer | Ataloud Technologies | LinkedIn 
 * has Easy Apply Button 

./logs/02-Jan-22 03:08:25::__main__::INFO::Clicking the EASY apply button
./logs/02-Jan-22 03:08:35::__main__::INFO::Could not complete submission
./logs/02-Jan-22 03:08:37::__main__::INFO::
Position 31:
 (8) Senior Data Engineer -Melbourne , Australia | Fractal | LinkedIn 
 * has Easy Apply Button 

./logs/02-Jan-22 03:08:51::__main__::INFO::Clicking the EASY apply button
./logs/02-Jan-22 03:09:03::__main__::INFO::Could not complete submission
./logs/02-Jan-22 03:09:05::__main__::INFO::
Position 32:
 (8) Senior Data Engineer | NexaQ | LinkedIn 
 * has Easy Apply Button 

./logs/02-Jan-22 03:09:20::__main__::INFO::Clicking the EASY apply button
./logs/02-Jan-22 03:09:32::__main__::INFO::Could not complete submission
./logs/02-Jan-22 03:09:34::__main__::INFO::
Position 33:
 (8) Data Engineer | MediBuddy | LinkedIn 
 * has Easy Apply Button 

./logs/02-Jan-22 03:09:48::__main__::INFO::Clicking the EASY apply button
./logs/02-Jan-22 03:09:58::__main__::INFO::Could not complete submission
./logs/02-Jan-22 03:09:59::__main__::INFO::
Position 34:
 (8) Data Engineer -Melbourne , Australia | Fractal | LinkedIn 
 * has Easy Apply Button 

./logs/02-Jan-22 03:10:14::__main__::INFO::Clicking the EASY apply button
./logs/02-Jan-22 03:10:30::__main__::INFO::Application Submitted
./logs/02-Jan-22 03:10:32::__main__::INFO::
Position 35:
 (8) Sr Data Engineer | BrainScale Inc | LinkedIn 
 * has Easy Apply Button 

./logs/02-Jan-22 03:10:46::__main__::INFO::Clicking the EASY apply button
./logs/02-Jan-22 03:10:58::__main__::INFO::Could not complete submission
./logs/02-Jan-22 03:10:59::__main__::INFO::
Position 36:
 (8) Lead Data Engineer | DataGrokr | LinkedIn 
 * has Easy Apply Button 

./logs/02-Jan-22 03:11:14::__main__::INFO::Clicking the EASY apply button
./logs/02-Jan-22 03:11:22::__main__::INFO::Application Submitted
./logs/02-Jan-22 03:11:23::__main__::INFO::
Position 37:
 (8) Data Engineer Lead | Aavas Financiers Ltd | LinkedIn 
 * has Easy Apply Button 

./logs/02-Jan-22 03:11:37::__main__::INFO::Clicking the EASY apply button
./logs/02-Jan-22 03:11:51::__main__::INFO::Application Submitted
./logs/02-Jan-22 03:11:52::__main__::INFO::
Position 38:
 (8) Data Engineer | indigoChart | LinkedIn 
 * has Easy Apply Button 

./logs/02-Jan-22 03:12:06::__main__::INFO::Clicking the EASY apply button
./logs/02-Jan-22 03:12:19::__main__::INFO::Could not complete submission
./logs/02-Jan-22 03:12:21::__main__::INFO::
Position 39:
 (8) data Engineer (AWS) | UsefulBI Corporation | LinkedIn 
 * has Easy Apply Button 

./logs/02-Jan-22 03:12:35::__main__::INFO::Clicking the EASY apply button
./logs/02-Jan-22 03:12:47::__main__::INFO::Application Submitted
./logs/02-Jan-22 03:12:49::__main__::INFO::
Position 40:
 (8) Data Engineer [T500-2446] | Advance Auto Parts | LinkedIn 
 * has Easy Apply Button 

./logs/02-Jan-22 03:12:49::__main__::INFO::********count_application: 40************


                                Time for a nap - see you in:10 min
                            ****************************************


./logs/02-Jan-22 03:23:55::__main__::INFO::Clicking the EASY apply button
./logs/02-Jan-22 03:24:06::__main__::INFO::Could not complete submission
./logs/02-Jan-22 03:24:08::__main__::INFO::
Position 41:
 (8) Senior Data Engineer | Cians Analytics | LinkedIn 
 * has Easy Apply Button 

./logs/02-Jan-22 03:24:23::__main__::INFO::Clicking the EASY apply button
./logs/02-Jan-22 03:24:32::__main__::INFO::Application Submitted
./logs/02-Jan-22 03:24:34::__main__::INFO::
Position 42:
 (8) Senior/ Lead Data Engineer | Cimpress India | LinkedIn 
 * has Easy Apply Button 

./logs/02-Jan-22 03:24:49::__main__::INFO::Clicking the EASY apply button
./logs/02-Jan-22 03:24:57::__main__::INFO::Application Submitted
./logs/02-Jan-22 03:24:59::__main__::INFO::
Position 43:
 (8) Staff Data Engineer | FourKites, Inc. | LinkedIn 
 * has Easy Apply Button 

./logs/02-Jan-22 03:25:13::__main__::INFO::Clicking the EASY apply button
./logs/02-Jan-22 03:25:25::__main__::INFO::Application Submitted
./logs/02-Jan-22 03:25:28::__main__::INFO::
Position 44:
 (9) Azure Data Engineer | Wipro Technologies | LinkedIn 
 * has Easy Apply Button 

./logs/02-Jan-22 03:25:42::__main__::INFO::Clicking the EASY apply button
./logs/02-Jan-22 03:25:54::__main__::INFO::Could not complete submission
./logs/02-Jan-22 03:25:56::__main__::INFO::
Position 45:
 (9) Big Data Developers | Impetus | LinkedIn 
 * has Easy Apply Button 

./logs/02-Jan-22 03:26:10::__main__::INFO::Clicking the EASY apply button
./logs/02-Jan-22 03:26:33::__main__::INFO::Could not complete submission
./logs/02-Jan-22 03:26:36::__main__::INFO::
Position 46:
 (9) Data Engineer II | Compass | LinkedIn 
 * has Easy Apply Button 

./logs/02-Jan-22 03:26:50::__main__::INFO::The button does not exist.
./logs/02-Jan-22 03:26:50::__main__::INFO::
Position 47:
 (9) Sr data engineer | SA Technologies Inc. | LinkedIn 
 * Doesn't have Easy Apply Button 

./logs/02-Jan-22 03:27:04::__main__::INFO::Clicking the EASY apply button
./logs/02-Jan-22 03:27:16::__main__::INFO::Could not complete submission
./logs/02-Jan-22 03:27:18::__main__::INFO::
Position 48:
 (9) Data Engineer | NeenOpal Inc. | LinkedIn 
 * has Easy Apply Button 

./logs/02-Jan-22 03:27:33::__main__::INFO::Clicking the EASY apply button
./logs/02-Jan-22 03:27:50::__main__::INFO::Application Submitted
./logs/02-Jan-22 03:27:52::__main__::INFO::
Position 49:
 (9) Data Engineer | Zensark | LinkedIn 
 * has Easy Apply Button 

./logs/02-Jan-22 03:28:06::__main__::INFO::Clicking the EASY apply button
./logs/02-Jan-22 03:28:16::__main__::INFO::Could not complete submission
./logs/02-Jan-22 03:28:18::__main__::INFO::
Position 50:
 (9) Lead Data Engineer-Sydney, Australia | Fractal | LinkedIn 
 * has Easy Apply Button 

./logs/02-Jan-22 03:28:18::__main__::INFO::****************************************


                    Going to next jobs page, YEAAAHHH!!
                    ****************************************


./logs/02-Jan-22 03:28:26::__main__::INFO::Lock avoided.
./logs/02-Jan-22 03:28:46::__main__::INFO::554.0 minutes left in this search
./logs/02-Jan-22 03:28:46::__main__::DEBUG::Sleeping for 4.6
./logs/02-Jan-22 03:29:28::__main__::INFO::Clicking the EASY apply button
./logs/02-Jan-22 03:29:40::__main__::INFO::Could not complete submission
./logs/02-Jan-22 03:29:41::__main__::INFO::
Position 51:
 (9) Senior Data Engineer | IDfy | LinkedIn 
 * has Easy Apply Button 

./logs/02-Jan-22 03:29:56::__main__::INFO::Clicking the EASY apply button
./logs/02-Jan-22 03:30:04::__main__::INFO::Could not complete submission
./logs/02-Jan-22 03:30:06::__main__::INFO::
Position 52:
 (9) Data Engineer | Entropik Tech | LinkedIn 
 * has Easy Apply Button 

./logs/02-Jan-22 03:30:21::__main__::INFO::Clicking the EASY apply button
./logs/02-Jan-22 03:30:37::__main__::INFO::Application Submitted
./logs/02-Jan-22 03:30:39::__main__::INFO::
Position 53:
 (9) Associate / Senior Associate - Data Engineer | TheMathCompany | LinkedIn 
 * has Easy Apply Button 

./logs/02-Jan-22 03:30:54::__main__::INFO::Clicking the EASY apply button
./logs/02-Jan-22 03:31:08::__main__::INFO::Application Submitted
./logs/02-Jan-22 03:31:10::__main__::INFO::
Position 54:
 (9) Data Engineer | GlobalLogic | LinkedIn 
 * has Easy Apply Button 

./logs/02-Jan-22 03:31:24::__main__::INFO::Clicking the EASY apply button
./logs/02-Jan-22 03:31:53::__main__::INFO::Application Submitted
./logs/02-Jan-22 03:31:54::__main__::INFO::
Position 55:
 (9) Data Engineer | Entropik Tech | LinkedIn 
 * has Easy Apply Button 

./logs/02-Jan-22 03:32:09::__main__::INFO::Clicking the EASY apply button
./logs/02-Jan-22 03:32:23::__main__::INFO::Application Submitted
./logs/02-Jan-22 03:32:25::__main__::INFO::
Position 56:
 (9) Senior Data Engineer | Infogain | LinkedIn 
 * has Easy Apply Button 

./logs/02-Jan-22 03:32:39::__main__::INFO::Clicking the EASY apply button
./logs/02-Jan-22 03:32:50::__main__::INFO::Could not complete submission
./logs/02-Jan-22 03:32:52::__main__::INFO::
Position 57:
 (9) Data Engineer (Kafka) - SDE III | Zabda | LinkedIn 
 * has Easy Apply Button 

./logs/02-Jan-22 03:33:06::__main__::INFO::Clicking the EASY apply button
./logs/02-Jan-22 03:33:19::__main__::INFO::Could not complete submission
./logs/02-Jan-22 03:33:21::__main__::INFO::
Position 58:
 (9) Hadoop (Data Engineer) | ZENFINET | LinkedIn 
 * has Easy Apply Button 

./logs/02-Jan-22 03:33:36::__main__::INFO::Clicking the EASY apply button
./logs/02-Jan-22 03:33:56::__main__::INFO::Could not complete submission
./logs/02-Jan-22 03:33:58::__main__::INFO::
Position 59:
 (9) Data Engineer | Bosch India | LinkedIn 
 * has Easy Apply Button 

./logs/02-Jan-22 03:34:12::__main__::INFO::Clicking the EASY apply button
./logs/02-Jan-22 03:34:26::__main__::INFO::Application Submitted
./logs/02-Jan-22 03:34:28::__main__::INFO::
Position 60:
 (9) Backend data engineer | Chingari | LinkedIn 
 * has Easy Apply Button 

./logs/02-Jan-22 03:34:42::__main__::INFO::Clicking the EASY apply button
./logs/02-Jan-22 03:34:54::__main__::INFO::Could not complete submission
./logs/02-Jan-22 03:34:56::__main__::INFO::
Position 61:
 (9) Data Engineer - Python/Scala with any cloud experience | Affine | LinkedIn 
 * has Easy Apply Button 

./logs/02-Jan-22 03:34:56::__main__::INFO::********count_application: 60************


                                Time for a nap - see you in:11 min
                            ****************************************


./logs/02-Jan-22 03:46:37::__main__::INFO::Clicking the EASY apply button
./logs/02-Jan-22 03:46:45::__main__::INFO::Application Submitted
./logs/02-Jan-22 03:46:47::__main__::INFO::
Position 62:
 (9) Sr. Data Engineer | ZS | LinkedIn 
 * has Easy Apply Button 

./logs/02-Jan-22 03:47:02::__main__::INFO::Clicking the EASY apply button
./logs/02-Jan-22 03:47:16::__main__::INFO::Application Submitted
./logs/02-Jan-22 03:47:19::__main__::INFO::
Position 63:
 (9) Data Engineer | Cloudwick Technologies | LinkedIn 
 * has Easy Apply Button 

./logs/02-Jan-22 03:47:33::__main__::INFO::Clicking the EASY apply button
./logs/02-Jan-22 03:47:46::__main__::INFO::Application Submitted
./logs/02-Jan-22 03:47:48::__main__::INFO::
Position 64:
 (9) Senior Data Engineer | Northern Trust ./logs/02-Jan-22 03:58:09::__main__::INFO::****************************************


                    Going to next jobs page, YEAAAHHH!!
                    ****************************************


./logs/02-Jan-22 03:58:17::__main__::INFO::Lock avoided.
./logs/02-Jan-22 03:58:38::__main__::INFO::524.0 minutes left in this search
./logs/02-Jan-22 03:58:38::__main__::DEBUG::Sleeping for 4.4
./logs/02-Jan-22 03:59:19::__main__::INFO::The button does not exist.
./logs/02-Jan-22 03:59:19::__main__::INFO::
Position 76:
 (9) Data Engineer | Derivco Sports | LinkedIn 
 * Doesn't have Easy Apply Button 

./logs/02-Jan-22 03:59:19::__main__::INFO::********count_application: 20************


                                Time for a nap - see you in:12 min
                            ****************************************


./logs/02-Jan-22 04:11:43::__main__::INFO::The button does not exist.
./logs/02-Jan-22 04:11:43::__main__::INFO::
Position 77:
 Fujitsu hiring Cloud Data Engineer in Madrid, Community of Madrid, Spain | LinkedIn 
 * Doesn't have Easy Apply Button 

./logs/02-Jan-22 04:11:43::__main__::INFO::********count_application: 20************


                                Time for a nap - see you in:12 min
                            ****************************************


./logs/02-Jan-22 04:24:50::__main__::INFO::The button does not exist.
./logs/02-Jan-22 04:24:50::__main__::INFO::
Position 78:
 Datatonic hiring Senior Data Engineer (remote, based in any location in Spain) in Barcelona, Catalonia, Spain | LinkedIn 
 * Doesn't have Easy Apply Button 

./logs/02-Jan-22 04:24:50::__main__::INFO::********count_application: 20************


                                Time for a nap - see you in:12 min
                            ****************************************


./logs/02-Jan-22 04:37:55::__main__::INFO::The button does not exist.
./logs/02-Jan-22 04:37:55::__main__::INFO::
Position 79:
 Dedalus hiring Ingeniero de Datos Senior in Greater Madrid Metropolitan Area | LinkedIn 
 * Doesn't have Easy Apply Button 

./logs/02-Jan-22 04:37:55::__main__::INFO::********count_application: 20************


                                Time for a nap - see you in:10 min
                            ****************************************


./logs/02-Jan-22 04:48:43::__main__::INFO::The button does not exist.
./logs/02-Jan-22 04:48:43::__main__::INFO::
Position 80:
 Oxigent Technologies hiring Analytics Engineer in Barcelona, Catalonia, Spain | LinkedIn 
 * Doesn't have Easy Apply Button 

./logs/02-Jan-22 04:48:43::__main__::INFO::********count_application: 20************


                                Time for a nap - see you in:10 min
                            ****************************************


./logs/02-Jan-22 04:59:55::__main__::INFO::The button does not exist.
./logs/02-Jan-22 04:59:55::__main__::INFO::
Position 81:
 StubHub International hiring Data Engineer (Full Remote) in Spain | LinkedIn 
 * Doesn't have Easy Apply Button 

./logs/02-Jan-22 04:59:55::__main__::INFO::********count_application: 20************


                                Time for a nap - see you in:14 min
                            ****************************************


./logs/02-Jan-22 05:14:41::__main__::INFO::The button does not exist.
./logs/02-Jan-22 05:14:41::__main__::INFO::
Position 82:
 Bluetab, an IBM Company hiring Big Data Engineer (Scala/Spark) in Madrid, Community of Madrid, Spain | LinkedIn 
 * Doesn't have Easy Apply Button 

./logs/02-Jan-22 05:14:41::__main__::INFO::********count_application: 20************


                                Time for a nap - see you in:11 min
                            ****************************************


./logs/02-Jan-22 05:26:37::__main__::INFO::The button does not exist.
./logs/02-Jan-22 05:26:37::__main__::INFO::
Position 83:
 AL-AGEDI B. C. hiring Software Development Engineer in Málaga, Andalusia, Spain | LinkedIn 
 * Doesn't have Easy Apply Button 

./logs/02-Jan-22 05:26:37::__main__::INFO::********count_application: 20************


                                Time for a nap - see you in:8 min
                            ****************************************


./logs/02-Jan-22 05:35:37::__main__::INFO::The button does not exist.
./logs/02-Jan-22 05:35:37::__main__::INFO::
Position 84:
 VASS UK hiring Big Data Developer - Remoto in Madrid, Community of Madrid, Spain | LinkedIn 
 * Doesn't have Easy Apply Button 

./logs/02-Jan-22 05:35:37::__main__::INFO::********count_application: 20************


                                Time for a nap - see you in:12 min
                            ****************************************


./logs/02-Jan-22 05:47:55::__main__::INFO::The button does not exist.
./logs/02-Jan-22 05:47:55::__main__::INFO::
Position 85:
 Prezo hiring Backend Software Engineer in Spain | LinkedIn 
 * Doesn't have Easy Apply Button 

./logs/02-Jan-22 05:47:55::__main__::INFO::********count_application: 20************


                                Time for a nap - see you in:11 min
                            ****************************************


./logs/02-Jan-22 06:00:02::__main__::INFO::The button does not exist.
./logs/02-Jan-22 06:00:02::__main__::INFO::
Position 86:
 NTT DATA Europe & LATAM hiring Cloud Data Engineer in Bilbao-Bilbo, Basque Country, Spain | LinkedIn 
 * Doesn't have Easy Apply Button 

./logs/02-Jan-22 06:00:02::__main__::INFO::********count_application: 20************


                                Time for a nap - see you in:10 min
                            ****************************************


./logs/02-Jan-22 06:10:48::__main__::INFO::The button does not exist.
./logs/02-Jan-22 06:10:48::__main__::INFO::
Position 87:
 satec hiring Data Engineer in Madrid, Community of Madrid, Spain | LinkedIn 
 * Doesn't have Easy Apply Button 

./logs/02-Jan-22 06:10:48::__main__::INFO::********count_application: 20************


                                Time for a nap - see you in:11 min
                            ****************************************


./logs/02-Jan-22 06:22:35::__main__::INFO::The button does not exist.
./logs/02-Jan-22 06:22:35::__main__::INFO::
Position 88:
 BeChained Artificial Intelligence Technologies SL hiring Data Engineer in Barcelona, Catalonia, Spain | LinkedIn 
 * Doesn't have Easy Apply Button 

./logs/02-Jan-22 06:22:35::__main__::INFO::********count_application: 20************


                                Time for a nap - see you in:14 min
                            ****************************************


./logs/02-Jan-22 06:37:41::__main__::INFO::The button does not exist.
./logs/02-Jan-22 06:37:41::__main__::INFO::
Position 89:
 TK Elevator hiring Software Engineer in Móstoles, Community of Madrid, Spain | LinkedIn 
 * Doesn't have Easy Apply Button 

./logs/02-Jan-22 06:37:41::__main__::INFO::********count_application: 20************


                                Time for a nap - see you in:13 min
                            ****************************************


./logs/02-Jan-22 06:51:09::__main__::INFO::The button does not exist.
./logs/02-Jan-22 06:51:09::__main__::INFO::
Position 90:
 Revolut hiring Data Software Engineer (Finance) - Senior in Spain | LinkedIn 
 * Doesn't have Easy Apply Button 

./logs/02-Jan-22 06:51:09::__main__::INFO::********count_application: 20************


                                Time for a nap - see you in:9 min
                            ****************************************


./logs/02-Jan-22 07:00:48::__main__::INFO::The button does not exist.
./logs/02-Jan-22 07:00:48::__main__::INFO::
Position 91:
 Rakuten Europe hiring Data Engineer in Barcelona, Catalonia, Spain | LinkedIn 
 * Doesn't have Easy Apply Button 

./logs/02-Jan-22 07:00:48::__main__::INFO::********count_application: 20************


                                Time for a nap - see you in:12 min
                            ****************************************


./logs/02-Jan-22 07:13:48::__main__::INFO::The button does not exist.
./logs/02-Jan-22 07:13:48::__main__::INFO::
Position 92:
 Adevinta hiring Data Engineer, BIC in Barcelona, Catalonia, Spain | LinkedIn 
 * Doesn't have Easy Apply Button 

./logs/02-Jan-22 07:13:48::__main__::INFO::********count_application: 20************


                                Time for a nap - see you in:10 min
                            ****************************************


./logs/02-Jan-22 07:24:02::__main__::INFO::The button does not exist.
./logs/02-Jan-22 07:24:02::__main__::INFO::
Position 93:
 Hays Solutions hiring Big Data Developer in Madrid, Community of Madrid, Spain | LinkedIn 
 * Doesn't have Easy Apply Button 

./logs/02-Jan-22 07:24:02::__main__::INFO::********count_application: 20************


                                Time for a nap - see you in:8 min
                            ****************************************


./logs/02-Jan-22 07:33:11::__main__::INFO::The button does not exist.
./logs/02-Jan-22 07:33:11::__main__::INFO::
Position 94:
 NTT DATA Europe & LATAM hiring Big Data Engineer (Spark) in Barcelona, Catalonia, Spain | LinkedIn 
 * Doesn't have Easy Apply Button 

./logs/02-Jan-22 07:33:11::__main__::INFO::********count_application: 20************


                                Time for a nap - see you in:12 min
                            ****************************************


./logs/02-Jan-22 07:45:42::__main__::INFO::The button does not exist.
./logs/02-Jan-22 07:45:42::__main__::INFO::
Position 95:
 Àliter Group Renovables S.L. hiring R+D SOFTWARE ENGINEER in Barcelona, Catalonia, Spain | LinkedIn 
 * Doesn't have Easy Apply Button 

./logs/02-Jan-22 07:45:42::__main__::INFO::********count_application: 20************


                                Time for a nap - see you in:14 min
                            ****************************************


./logs/02-Jan-22 08:00:31::__main__::INFO::The button does not exist.
./logs/02-Jan-22 08:00:31::__main__::INFO::
Position 96:
 Adevinta hiring Data & Python Engineer (Cross team) in Barcelona, Catalonia, Spain | LinkedIn 
 * Doesn't have Easy Apply Button 

./logs/02-Jan-22 08:00:31::__main__::INFO::********count_application: 20************


                                Time for a nap - see you in:11 min
                            ****************************************


./logs/02-Jan-22 08:12:16::__main__::INFO::The button does not exist.
./logs/02-Jan-22 08:12:16::__main__::INFO::
Position 97:
 InterQuest Group hiring Data Software Engineer in Málaga, Andalusia, Spain | LinkedIn 
 * Doesn't have Easy Apply Button 

./logs/02-Jan-22 08:12:16::__main__::INFO::********count_application: 20************


                                Time for a nap - see you in:14 min
                            ****************************************


./logs/02-Jan-22 08:27:16::__main__::INFO::The button does not exist.
./logs/02-Jan-22 08:27:16::__main__::INFO::
Position 98:
 Nubalia part of Devoteam - International hiring ES - Data Engineer in Barcelona, Catalonia, Spain | LinkedIn 
 * Doesn't have Easy Apply Button 

./logs/02-Jan-22 08:27:16::__main__::INFO::********count_application: 20************


                                Time for a nap - see you in:10 min
                            ****************************************


./logs/02-Jan-22 08:38:22::__main__::INFO::The button does not exist.
./logs/02-Jan-22 08:38:22::__main__::INFO::
Position 99:
 Clarity AI hiring Senior Data Engineer in Madrid, Community of Madrid, Spain | LinkedIn 
 * Doesn't have Easy Apply Button 

./logs/02-Jan-22 08:38:22::__main__::INFO::********count_application: 20************


                                Time for a nap - see you in:9 min
                            ****************************************


./logs/02-Jan-22 08:47:32::__main__::INFO::****************************************


                    Going to next jobs page, YEAAAHHH!!
                    ****************************************


./logs/02-Jan-22 08:47:39::__main__::INFO::Lock avoided.
./logs/02-Jan-22 08:48:00::__main__::INFO::235.0 minutes left in this search
./logs/02-Jan-22 08:48:00::__main__::DEBUG::Sleeping for 4.7
**********


                                Time for a nap - see you in:9 min
                            ****************************************


./logs/02-Jan-22 07:08:08::__main__::INFO::The button does not exist.
./logs/02-Jan-22 07:08:08::__main__::INFO::
Position 98:
 Perficient hiring Data Engineer in Chennai, Tamil Nadu, India | LinkedIn 
 * Doesn't have Easy Apply Button 

./logs/02-Jan-22 07:08:08::__main__::INFO::********count_application: 80************


                                Time for a nap - see you in:9 min
                            ****************************************


./logs/02-Jan-22 07:17:31::__main__::INFO::The button does not exist.
./logs/02-Jan-22 07:17:31::__main__::INFO::
Position 99:
 Chubb hiring Data Engineer in Bengaluru, Karnataka, India | LinkedIn 
 * Doesn't have Easy Apply Button 

./logs/02-Jan-22 07:17:31::__main__::INFO::********count_application: 80************


                                Time for a nap - see you in:12 min
                            ****************************************


./logs/02-Jan-22 07:30:04::__main__::INFO::The button does not exist.
./logs/02-Jan-22 07:30:04::__main__::INFO::
Position 100:
 MEDTEK AI hiring Sr/principal data cloud engineer (AWS) - Immediate Joining in Noida, Uttar Pradesh, India | LinkedIn 
 * Doesn't have Easy Apply Button 

./logs/02-Jan-22 07:30:04::__main__::INFO::********count_application: 80************


                                Time for a nap - see you in:10 min
                            ****************************************


./logs/02-Jan-22 07:40:05::__main__::INFO::****************************************


                    Going to next jobs page, YEAAAHHH!!
                    ****************************************


./logs/02-Jan-22 07:40:12::__main__::INFO::Lock avoided.
./logs/02-Jan-22 07:40:32::__main__::INFO::302.0 minutes left in this search
./logs/02-Jan-22 07:40:32::__main__::DEBUG::Sleeping for 3.7
 8 | LinkedIn 
 * Doesn't have Easy Apply Button 

./logs/02-Jan-22 03:42:34::__main__::INFO::The button does not exist.
./logs/02-Jan-22 03:42:34::__main__::INFO::
Position 204:
 (9) Azure Data Engineer | ANSIT INC | LinkedIn 
 * Doesn't have Easy Apply Button 

./logs/02-Jan-22 03:42:47::__main__::INFO::The button does not exist.
./logs/02-Jan-22 03:42:47::__main__::INFO::
Position 205:
 (9) Data Engineer / Backend Developer — Healthcare Analytics Startup | Validate Health | LinkedIn 
 * Doesn't have Easy Apply Button 

./logs/02-Jan-22 03:43:01::__main__::INFO::The button does not exist.
./logs/02-Jan-22 03:43:01::__main__::INFO::
Position 206:
 (9) Data Engineer | Antra, Inc. | LinkedIn 
 * Doesn't have Easy Apply Button 

./logs/02-Jan-22 03:43:14::__main__::INFO::The button does not exist.
./logs/02-Jan-22 03:43:14::__main__::INFO::
Position 207:
 (9) Senior Data Engineer | phData | LinkedIn 
 * Doesn't have Easy Apply Button 

./logs/02-Jan-22 03:43:14::__main__::INFO::****************************************


                    Going to next jobs page, YEAAAHHH!!
                    ****************************************


./logs/02-Jan-22 03:43:22::__main__::INFO::Lock avoided.
./logs/02-Jan-22 03:43:42::__main__::INFO::539.0 minutes left in this search
./logs/02-Jan-22 03:43:42::__main__::DEBUG::Sleeping for 4.7
./logs/02-Jan-22 03:44:22::__main__::INFO::The button does not exist.
./logs/02-Jan-22 03:44:22::__main__::INFO::
Position 226:
 (9) Data Engineer / Data Architect - GCP / AWS / Azure | Techaxis, Inc | LinkedIn 
 * Doesn't have Easy Apply Button 

./logs/02-Jan-22 03:44:35::__main__::INFO::The button does not exist.
./logs/02-Jan-22 03:44:35::__main__::INFO::
Position 227:
 (9) Data Engineer III | Pinnacle Group, Inc. | LinkedIn 
 * Doesn't have Easy Apply Button 

./logs/02-Jan-22 03:44:49::__main__::INFO::The button does not exist.
./logs/02-Jan-22 03:44:49::__main__::INFO::
Position 228:
 (9) Data Engineer | Parker and Lynch | LinkedIn 
 * Doesn't have Easy Apply Button 

./logs/02-Jan-22 03:45:02::__main__::INFO::The button does not exist.
./logs/02-Jan-22 03:45:02::__main__::INFO::
Position 229:
 (9) Senior Data Engineer | Optomi | LinkedIn 
 * Doesn't have Easy Apply Button 

./logs/02-Jan-22 03:45:16::__main__::INFO::The button does not exist.
./logs/02-Jan-22 03:45:16::__main__::INFO::
Position 230:
 (9) Senior Azure Data Engineer - Contract to Hire | Medix Technology | LinkedIn 
 * Doesn't have Easy Apply Button 

./logs/02-Jan-22 03:45:30::__main__::INFO::The button does not exist.
./logs/02-Jan-22 03:45:30::__main__::INFO::
Position 231:
 (9) Principal Data Science Engineer - Enterprise Analytics | Nabler | LinkedIn 
 * Doesn't have Easy Apply Button 

./logs/02-Jan-22 03:45:44::__main__::INFO::The button does not exist.
./logs/02-Jan-22 03:45:44::__main__::INFO::
Position 232:
 (9) AWS Data Engineer | cyberThink Inc | LinkedIn 
 * Doesn't have Easy Apply Button 

./logs/02-Jan-22 03:45:44::__main__::INFO::****************************************


                    Going to next jobs page, YEAAAHHH!!
                    ****************************************


./logs/02-Jan-22 03:45:51::__main__::INFO::Lock avoided.
./logs/02-Jan-22 03:46:11::__main__::INFO::537.0 minutes left in this search
./logs/02-Jan-22 03:46:11::__main__::DEBUG::Sleeping for 3.7
./logs/02-Jan-22 03:46:50::__main__::INFO::The button does not exist.
./logs/02-Jan-22 03:46:50::__main__::INFO::
Position 251:
 (9) Principal Data Engineer | IntePros | LinkedIn 
 * Doesn't have Easy Apply Button 

./logs/02-Jan-22 03:47:03::__main__::INFO::The button does not exist.
./logs/02-Jan-22 03:47:03::__main__::INFO::
Position 252:
 (9) Data Engineer | Strategic Staffing Solutions | LinkedIn 
 * Doesn't have Easy Apply Button 

./logs/02-Jan-22 03:47:17::__main__::INFO::The button does not exist.
./logs/02-Jan-22 03:47:17::__main__::INFO::
Position 253:
 (9) Senior Data Engineer | Eliassen Group | LinkedIn 
 * Doesn't have Easy Apply Button 

./logs/02-Jan-22 03:47:31::__main__::INFO::The button does not exist.
./logs/02-Jan-22 03:47:31::__main__::INFO::
Position 254:
 (9) Data Engineer | Yoh, A Day & Zimmermann Company | LinkedIn 
 * Doesn't have Easy Apply Button 

./logs/02-Jan-22 03:47:44::__main__::INFO::The button does not exist.
./logs/02-Jan-22 03:47:44::__main__::INFO::
Position 255:
 (9) Senior Data Engineer | Quantiphi | LinkedIn 
 * Doesn't have Easy Apply Button 

./logs/02-Jan-22 03:47:59::__main__::INFO::The button does not exist.
./logs/02-Jan-22 03:47:59::__main__::INFO::
Position 256:
 (9) Senior Data Engineer | Immersa | LinkedIn 
 * Doesn't have Easy Apply Button 

./logs/02-Jan-22 03:48:12::__main__::INFO::The button does not exist.
./logs/02-Jan-22 03:48:12::__main__::INFO::
Position 257:
 (9) AWS Senior Data Engineer | Incedo Inc. | LinkedIn 
 * Doesn't have Easy Apply Button 

./logs/02-Jan-22 03:48:12::__main__::INFO::****************************************


                    Going to next jobs page, YEAAAHHH!!
                    ****************************************


./logs/02-Jan-22 03:48:20::__main__::INFO::Lock avoided.
./logs/02-Jan-22 03:48:40::__main__::INFO::534.0 minutes left in this search
./logs/02-Jan-22 03:48:40::__main__::DEBUG::Sleeping for 4.0
./logs/02-Jan-22 03:49:19::__main__::INFO::The button does not exist.
./logs/02-Jan-22 03:49:19::__main__::INFO::
Position 276:
 (9) Data Engineer | Parker and Lynch | LinkedIn 
 * Doesn't have Easy Apply Button 

./logs/02-Jan-22 03:49:35::__main__::INFO::The button does not exist.
./logs/02-Jan-22 03:49:35::__main__::INFO::
Position 277:
 (9) Data Engineer | Syndicatebleu | LinkedIn 
 * Doesn't have Easy Apply Button 

./logs/02-Jan-22 03:49:49::__main__::INFO::The button does not exist.
./logs/02-Jan-22 03:49:49::__main__::INFO::
Position 278:
 (9) Senior Data Engineer | HireResources | LinkedIn 
 * Doesn't have Easy Apply Button 

./logs/02-Jan-22 03:50:03::__main__::INFO::The button does not exist.
./logs/02-Jan-22 03:50:03::__main__::INFO::
Position 279:
 (9) Data Engineer | Masterworks.io | LinkedIn 
 * Doesn't have Easy Apply Button 

./logs/02-Jan-22 03:50:17::__main__::INFO::The button does not exist.
./logs/02-Jan-22 03:50:17::__main__::INFO::
Position 280:
 (9) Data Engineer | Alto | LinkedIn 
 * Doesn't have Easy Apply Button 

./logs/02-Jan-22 03:50:30::__main__::INFO::The button does not exist.
./logs/02-Jan-22 03:50:30::__main__::INFO::
Position 281:
 (9) Principal Data Engineer - AWS | Tiger Analytics | LinkedIn 
 * Doesn't have Easy Apply Button 

./logs/02-Jan-22 03:50:45::__main__::INFO::The button does not exist.
./logs/02-Jan-22 03:50:45::__main__::INFO::
Position 282:
 (9) Senior Data Engineer | Pluralsight | LinkedIn 
 * Doesn't have Easy Apply Button 

./logs/02-Jan-22 03:50:45::__main__::INFO::****************************************


                    Going to next jobs page, YEAAAHHH!!
                    ****************************************


./logs/02-Jan-22 03:50:52::__main__::INFO::Lock avoided.
./logs/02-Jan-22 03:51:12::__main__::INFO::532.0 minutes left in this search
./logs/02-Jan-22 03:51:12::__main__::DEBUG::Sleeping for 3.6
./logs/02-Jan-22 03:51:37::__main__::INFO::Applying to Data engineer: UNITED STATES
./logs/02-Jan-22 03:51:37::__main__::INFO::Looking for jobs.. Please wait..
./logs/02-Jan-22 03:51:43::__main__::INFO::Lock avoided.
./logs/02-Jan-22 03:52:03::__main__::INFO::Looking for jobs.. Please wait..
./logs/02-Jan-22 03:52:03::__main__::INFO::599.0 minutes left in this search
./logs/02-Jan-22 03:52:03::__main__::DEBUG::Sleeping for 4.1
./logs/02-Jan-22 03:52:42::__main__::INFO::The button does not exist.
./logs/02-Jan-22 03:52:42::__main__::INFO::
Position 1:
 (9) Senior Data Engineer | Logitix | LinkedIn 
 * Doesn't have Easy Apply Button 

./logs/02-Jan-22 03:52:55::__main__::INFO::The button does not exist.
./logs/02-Jan-22 03:52:55::__main__::INFO::
Position 2:
 (9) Data Architect / Engineer | Intellibus | LinkedIn 
 * Doesn't have Easy Apply Button 

./logs/02-Jan-22 03:53:09::__main__::INFO::The button does not exist.
./logs/02-Jan-22 03:53:09::__main__::INFO::
Position 3:
 (9) Principal Data Management Engineer | MZ Development | LinkedIn 
 * Doesn't have Easy Apply Button 

./logs/02-Jan-22 03:53:23::__main__::INFO::The button does not exist.
./logs/02-Jan-22 03:53:23::__main__::INFO::
Position 4:
 (9) Data Engineer/Architect | TALENT Software Services | LinkedIn 
 * Doesn't have Easy Apply Button 

./logs/02-Jan-22 03:53:36::__main__::INFO::The button does not exist.
./logs/02-Jan-22 03:53:36::__main__::INFO::
Position 5:
 (9) Lead Data Engineer | BRIDGETON | LinkedIn 
 * Doesn't have Easy Apply Button 

./logs/02-Jan-22 03:53:49::__main__::INFO::The button does not exist.
./logs/02-Jan-22 03:53:49::__main__::INFO::
Position 6:
 (9) Data Engineer | Collabera Inc. | LinkedIn 
 * Doesn't have Easy Apply Button 

./logs/02-Jan-22 03:54:04::__main__::INFO::The button does not exist.
./logs/02-Jan-22 03:54:04::__main__::INFO::
Position 7:
 (9) AZURE DATA ENGINEER II - IV (ALWAYS REMOTE) | i4 Insurance Talent | LinkedIn 
 * Doesn't have Easy Apply Button 

./logs/02-Jan-22 03:54:04::__main__::INFO::****************************************


                    Going to next jobs page, YEAAAHHH!!
                    ****************************************


./logs/02-Jan-22 03:54:11::__main__::INFO::Lock avoided.
./logs/02-Jan-22 03:54:32::__main__::INFO::597.0 minutes left in this search
./logs/02-Jan-22 03:54:32::__main__::DEBUG::Sleeping for 4.8
./logs/02-Jan-22 03:55:13::__main__::INFO::The button does not exist.
./logs/02-Jan-22 03:55:13::__main__::INFO::
Position 26:
 (9) Lead Data Engineer | Eliassen Group | LinkedIn 
 * Doesn't have Easy Apply Button 

./logs/02-Jan-22 03:55:26::__main__::INFO::The button does not exist.
./logs/02-Jan-22 03:55:26::__main__::INFO::
Position 27:
 (9) Lead Data Engineer | Raymour & Flanigan Furniture and Mattresses | LinkedIn 
 * Doesn't have Easy Apply Button 

./logs/02-Jan-22 03:55:40::__main__::INFO::The button does not exist.
./logs/02-Jan-22 03:55:40::__main__::INFO::
Position 28:
 (9) Data Engineer | AWS | OnPoint Search Consultants | LinkedIn 
 * Doesn't have Easy Apply Button 

./logs/02-Jan-22 03:55:54::__main__::INFO::The button does not exist.
./logs/02-Jan-22 03:55:54::__main__::INFO::
Position 29:
 (9) Data Engineer (AWS) | WorldLink US | LinkedIn 
 * Doesn't have Easy Apply Button 

./logs/02-Jan-22 03:56:08::__main__::INFO::The button does not exist.
./logs/02-Jan-22 03:56:08::__main__::INFO::
Position 30:
 (9) Senior Data Engineer | Xlysi LLC | LinkedIn 
 * Doesn't have Easy Apply Button 

./logs/02-Jan-22 03:56:21::__main__::INFO::The button does not exist.
./logs/02-Jan-22 03:56:21::__main__::INFO::
Position 31:
 (9) Senior Data Engineer | Sunrun | LinkedIn 
 * Doesn't have Easy Apply Button 

./logs/02-Jan-22 03:56:35::__main__::INFO::The button does not exist.
./logs/02-Jan-22 03:56:35::__main__::INFO::
Position 32:
 (9) Principal Data Engineer | Walmart | LinkedIn 
 * Doesn't have Easy Apply Button 

./logs/02-Jan-22 03:56:35::__main__::INFO::****************************************


                    Going to next jobs page, YEAAAHHH!!
                    ****************************************


./logs/02-Jan-22 03:56:42::__main__::INFO::Lock avoided.
./logs/02-Jan-22 03:57:02::__main__::INFO::594.0 minutes left in this search
./logs/02-Jan-22 03:57:02::__main__::DEBUG::Sleeping for 4.5
./logs/02-Jan-22 03:57:42::__main__::INFO::The button does not exist.
./logs/02-Jan-22 03:57:42::__main__::INFO::
Position 51:
 (9) Lead Data Engineer | Eliassen Group | LinkedIn 
 * Doesn't have Easy Apply Button 

./logs/02-Jan-22 03:57:55::__main__::INFO::The button does not exist.
./logs/02-Jan-22 03:57:55::__main__::INFO::
Position 52:
 (9) Senior Data Cloud Engineer | Medix Technology | LinkedIn 
 * Doesn't have Easy Apply Button 

./logs/02-Jan-22 03:58:09::__main__::INFO::The button does not exist.
./logs/02-Jan-22 03:58:09::__main__::INFO::
Position 53:
 (9) Senior Data Engineer | East Daley Capital | LinkedIn 
 * Doesn't have Easy Apply Button 

./logs/02-Jan-22 03:58:22::__main__::INFO::The button does not exist.
./logs/02-Jan-22 03:58:22::__main__::INFO::
Position 54:
 (9) Data Engineer | Eliassen Group | LinkedIn 
 * Doesn't have Easy Apply Button 

./logs/02-Jan-22 03:58:36::__main__::INFO::The button does not exist.
./logs/02-Jan-22 03:58:36::__main__::INFO::
Position 55:
 (9) Data Engineer | SWI - Innovation Delivered | LinkedIn 
 * Doesn't have Easy Apply Button 

./logs/02-Jan-22 03:58:49::__main__::INFO::The button does not exist.
./logs/02-Jan-22 03:58:49::__main__::INFO::
Position 56:
 (9) Azure Data Engineer | Fugen Technology Corporation | LinkedIn 
 * Doesn't have Easy Apply Button 

./logs/02-Jan-22 03:59:03::__main__::INFO::The button does not exist.
./logs/02-Jan-22 03:59:03::__main__::INFO::
Position 57:
 (9) Sr Data Engineer | Jobot | LinkedIn 
 * Doesn't have Easy Apply Button 

./logs/02-Jan-22 03:59:03::__main__::INFO::****************************************


                    Going to next jobs page, YEAAAHHH!!
                    ****************************************


./logs/02-Jan-22 03:59:10::__main__::INFO::Lock avoided.
./logs/02-Jan-22 03:59:31::__main__::INFO::592.0 minutes left in this search
./logs/02-Jan-22 03:59:31::__main__::DEBUG::Sleeping for 4.6
./logs/02-Jan-22 04:00:10::__main__::INFO::The button does not exist.
./logs/02-Jan-22 04:00:10::__main__::INFO::
Position 76:
 (9) Staff Data Engineer. | Johnson & Johnson | LinkedIn 
 * Doesn't have Easy Apply Button 

./logs/02-Jan-22 04:00:24::__main__::INFO::The button does not exist.
./logs/02-Jan-22 04:00:24::__main__::INFO::
Position 77:
 (9) Staff Data Engineer | Professional Project Partners, Inc. (P3) | LinkedIn 
 * Doesn't have Easy Apply Button 

./logs/02-Jan-22 04:00:37::__main__::INFO::The button does not exist.
./logs/02-Jan-22 04:00:37::__main__::INFO::
Position 78:
 (9) Lead Data Engineer | firsthand | LinkedIn 
 * Doesn't have Easy Apply Button 

./logs/02-Jan-22 04:00:51::__main__::INFO::The button does not exist.
./logs/02-Jan-22 04:00:51::__main__::INFO::
Position 79:
 (9) Data Engineer | Graebel Companies, Inc. | LinkedIn 
 * Doesn't have Easy Apply Button 

./logs/02-Jan-22 04:01:05::__main__::INFO::The button does not exist.
./logs/02-Jan-22 04:01:05::__main__::INFO::
Position 80:
 (9) Staff Data Engineer. | Johnson & Johnson | LinkedIn 
 * Doesn't have Easy Apply Button 

./logs/02-Jan-22 04:01:18::__main__::INFO::The button does not exist.
./logs/02-Jan-22 04:01:18::__main__::INFO::
Position 81:
 (9) Staff Data Engineer. | Johnson & Johnson | LinkedIn 
 * Doesn't have Easy Apply Button 

./logs/02-Jan-22 04:01:32::__main__::INFO::The button does not exist.
./logs/02-Jan-22 04:01:32::__main__::INFO::
Position 82:
 (9) Snowflake Data Engineer | Integrity Marketing Group LLC | LinkedIn 
 * Doesn't have Easy Apply Button 

./logs/02-Jan-22 04:01:32::__main__::INFO::****************************************


                    Going to next jobs page, YEAAAHHH!!
                    ****************************************


./logs/02-Jan-22 04:01:39::__main__::INFO::Lock avoided.
./logs/02-Jan-22 04:02:00::__main__::INFO::589.0 minutes left in this search
./logs/02-Jan-22 04:02:00::__main__::DEBUG::Sleeping for 4.6
./logs/02-Jan-22 04:02:39::__main__::INFO::The button does not exist.
./logs/02-Jan-22 04:02:39::__main__::INFO::
Position 101:
 (9) Data Engineer | TEK Staffing Solutions Inc. | LinkedIn 
 * Doesn't have Easy Apply Button 

./logs/02-Jan-22 04:02:52::__main__::INFO::The button does not exist.
./logs/02-Jan-22 04:02:52::__main__::INFO::
Position 102:
 MediaKits hiring Back End Data Engineer "Integration Expert" in California, United States | LinkedIn 
 * Doesn't have Easy Apply Button 

./logs/02-Jan-22 04:03:05::__main__::INFO::The button does not exist.
./logs/02-Jan-22 04:03:05::__main__::INFO::
Position 103:
 Geopath hiring Senior Data Engineer in New York City Metropolitan Area | LinkedIn 
 * Doesn't have Easy Apply Button 

./logs/02-Jan-22 04:03:18::__main__::INFO::The button does not exist.
./logs/02-Jan-22 04:03:18::__main__::INFO::
Position 104:
 Egen hiring Data Engineer in Naperville, Illinois, United States | LinkedIn 
 * Doesn't have Easy Apply Button 

./logs/02-Jan-22 04:03:31::__main__::INFO::The button does not exist.
./logs/02-Jan-22 04:03:31::__main__::INFO::
Position 105:
 phData hiring Lead Data Engineer in Santa Fe, New Mexico, United States | LinkedIn 
 * Doesn't have Easy Apply Button 

./logs/02-Jan-22 04:03:44::__main__::INFO::The button does not exist.
./logs/02-Jan-22 04:03:44::__main__::INFO::
Position 106:
 Citizens hiring Senior Data Engineer in Johnston, Rhode Island, United States | LinkedIn 
 * Doesn't have Easy Apply Button 

./logs/02-Jan-22 04:03:57::__main__::INFO::The button does not exist.
./logs/02-Jan-22 04:03:57::__main__::INFO::
Position 107:
 Stealth Mode Startup Biotech hiring Data Engineer, System Analytics in Newark, California, United States | LinkedIn 
 * Doesn't have Easy Apply Button 

./logs/02-Jan-22 04:03:57::__main__::INFO::****************************************


                    Going to next jobs page, YEAAAHHH!!
                    ****************************************


./logs/02-Jan-22 04:04:04::__main__::INFO::Lock avoided.
./logs/02-Jan-22 04:04:25::__main__::INFO::587.0 minutes left in this search
./logs/02-Jan-22 04:04:25::__main__::DEBUG::Sleeping for 3.8
